Analysis & Synthesis report for XTEA_Project
Tue Dec 12 07:28:56 2023
Quartus Prime Version 22.1std.2 Build 922 07/20/2023 SC Lite Edition


---------------------
; Table of Contents ;
---------------------
  1. Legal Notice
  2. Analysis & Synthesis Summary
  3. Analysis & Synthesis Settings
  4. Parallel Compilation
  5. Analysis & Synthesis Source Files Read
  6. Analysis & Synthesis Resource Usage Summary
  7. Analysis & Synthesis Resource Utilization by Entity
  8. State Machine - |top_level|rxState
  9. State Machine - |top_level|xtea_engine:xtea_engine1|xtea_engine_fsm:fsm|state
 10. Registers Removed During Synthesis
 11. General Register Statistics
 12. Inverted Register Statistics
 13. Multiplexer Restructuring Statistics (Restructuring Performed)
 14. Parameter Settings for User Entity Instance: xtea_engine:xtea_engine1|xtea_engine_fsm:fsm
 15. Parameter Settings for User Entity Instance: xtea_engine:xtea_engine1|mux_2in:v0_mux
 16. Parameter Settings for User Entity Instance: xtea_engine:xtea_engine1|mux_2in:v1_mux
 17. Parameter Settings for User Entity Instance: xtea_engine:xtea_engine1|mux_2in:op_mux
 18. Parameter Settings for User Entity Instance: xtea_engine:xtea_engine1|mux_2in:op_mux2
 19. Parameter Settings for User Entity Instance: xtea_engine:xtea_engine1|mux_2in:first_sum_mux
 20. Parameter Settings for User Entity Instance: xtea_engine:xtea_engine1|mux_2in:sum_mux
 21. Parameter Settings for User Entity Instance: xtea_engine:xtea_engine1|mux_2in:sum_delta_mux
 22. Parameter Settings for User Entity Instance: xtea_engine:xtea_engine1|mux_2in:key_sel_mux
 23. Parameter Settings for User Entity Instance: xtea_engine:xtea_engine1|mux_4in:key_mux
 24. Parameter Settings for User Entity Instance: xtea_engine:xtea_engine1|mux_2in:to_reg_mux
 25. Port Connectivity Checks: "xtea_engine:xtea_engine1|mux_2in:key_sel_mux"
 26. Port Connectivity Checks: "xtea_engine:xtea_engine1|mux_2in:first_sum_mux"
 27. Post-Synthesis Netlist Statistics for Top Partition
 28. Elapsed Time Per Partition
 29. Analysis & Synthesis Messages



----------------
; Legal Notice ;
----------------
Copyright (C) 2023  Intel Corporation. All rights reserved.
Your use of Intel Corporation's design tools, logic functions 
and other software and tools, and any partner logic 
functions, and any output files from any of the foregoing 
(including device programming or simulation files), and any 
associated documentation or information are expressly subject 
to the terms and conditions of the Intel Program License 
Subscription Agreement, the Intel Quartus Prime License Agreement,
the Intel FPGA IP License Agreement, or other applicable license
agreement, including, without limitation, that your use is for
the sole purpose of programming logic devices manufactured by
Intel and sold by Intel or its authorized distributors.  Please
refer to the applicable agreement for further details, at
https://fpgasoftware.intel.com/eula.



+-------------------------------------------------------------------------------------+
; Analysis & Synthesis Summary                                                        ;
+------------------------------------+------------------------------------------------+
; Analysis & Synthesis Status        ; Successful - Tue Dec 12 07:28:56 2023          ;
; Quartus Prime Version              ; 22.1std.2 Build 922 07/20/2023 SC Lite Edition ;
; Revision Name                      ; XTEA_Project                                   ;
; Top-level Entity Name              ; top_level                                      ;
; Family                             ; Cyclone IV E                                   ;
; Total logic elements               ; 1,075                                          ;
;     Total combinational functions  ; 794                                            ;
;     Dedicated logic registers      ; 585                                            ;
; Total registers                    ; 585                                            ;
; Total pins                         ; 18                                             ;
; Total virtual pins                 ; 0                                              ;
; Total memory bits                  ; 0                                              ;
; Embedded Multiplier 9-bit elements ; 0                                              ;
; Total PLLs                         ; 0                                              ;
+------------------------------------+------------------------------------------------+


+------------------------------------------------------------------------------------------------------------+
; Analysis & Synthesis Settings                                                                              ;
+------------------------------------------------------------------+--------------------+--------------------+
; Option                                                           ; Setting            ; Default Value      ;
+------------------------------------------------------------------+--------------------+--------------------+
; Device                                                           ; EP4CE6E22C8        ;                    ;
; Top-level entity name                                            ; top_level          ; XTEA_Project       ;
; Family name                                                      ; Cyclone IV E       ; Cyclone V          ;
; Use smart compilation                                            ; Off                ; Off                ;
; Enable parallel Assembler and Timing Analyzer during compilation ; On                 ; On                 ;
; Enable compact report table                                      ; Off                ; Off                ;
; Restructure Multiplexers                                         ; Auto               ; Auto               ;
; Create Debugging Nodes for IP Cores                              ; Off                ; Off                ;
; Preserve fewer node names                                        ; On                 ; On                 ;
; Intel FPGA IP Evaluation Mode                                    ; Enable             ; Enable             ;
; Verilog Version                                                  ; Verilog_2001       ; Verilog_2001       ;
; VHDL Version                                                     ; VHDL_1993          ; VHDL_1993          ;
; State Machine Processing                                         ; Auto               ; Auto               ;
; Safe State Machine                                               ; Off                ; Off                ;
; Extract Verilog State Machines                                   ; On                 ; On                 ;
; Extract VHDL State Machines                                      ; On                 ; On                 ;
; Ignore Verilog initial constructs                                ; Off                ; Off                ;
; Iteration limit for constant Verilog loops                       ; 5000               ; 5000               ;
; Iteration limit for non-constant Verilog loops                   ; 250                ; 250                ;
; Add Pass-Through Logic to Inferred RAMs                          ; On                 ; On                 ;
; Infer RAMs from Raw Logic                                        ; On                 ; On                 ;
; Parallel Synthesis                                               ; On                 ; On                 ;
; DSP Block Balancing                                              ; Auto               ; Auto               ;
; NOT Gate Push-Back                                               ; On                 ; On                 ;
; Power-Up Don't Care                                              ; On                 ; On                 ;
; Remove Redundant Logic Cells                                     ; Off                ; Off                ;
; Remove Duplicate Registers                                       ; On                 ; On                 ;
; Ignore CARRY Buffers                                             ; Off                ; Off                ;
; Ignore CASCADE Buffers                                           ; Off                ; Off                ;
; Ignore GLOBAL Buffers                                            ; Off                ; Off                ;
; Ignore ROW GLOBAL Buffers                                        ; Off                ; Off                ;
; Ignore LCELL Buffers                                             ; Off                ; Off                ;
; Ignore SOFT Buffers                                              ; On                 ; On                 ;
; Limit AHDL Integers to 32 Bits                                   ; Off                ; Off                ;
; Optimization Technique                                           ; Balanced           ; Balanced           ;
; Carry Chain Length                                               ; 70                 ; 70                 ;
; Auto Carry Chains                                                ; On                 ; On                 ;
; Auto Open-Drain Pins                                             ; On                 ; On                 ;
; Perform WYSIWYG Primitive Resynthesis                            ; Off                ; Off                ;
; Auto ROM Replacement                                             ; On                 ; On                 ;
; Auto RAM Replacement                                             ; On                 ; On                 ;
; Auto DSP Block Replacement                                       ; On                 ; On                 ;
; Auto Shift Register Replacement                                  ; Auto               ; Auto               ;
; Allow Shift Register Merging across Hierarchies                  ; Auto               ; Auto               ;
; Auto Clock Enable Replacement                                    ; On                 ; On                 ;
; Strict RAM Replacement                                           ; Off                ; Off                ;
; Allow Synchronous Control Signals                                ; On                 ; On                 ;
; Force Use of Synchronous Clear Signals                           ; Off                ; Off                ;
; Auto RAM Block Balancing                                         ; On                 ; On                 ;
; Auto RAM to Logic Cell Conversion                                ; Off                ; Off                ;
; Auto Resource Sharing                                            ; Off                ; Off                ;
; Allow Any RAM Size For Recognition                               ; Off                ; Off                ;
; Allow Any ROM Size For Recognition                               ; Off                ; Off                ;
; Allow Any Shift Register Size For Recognition                    ; Off                ; Off                ;
; Use LogicLock Constraints during Resource Balancing              ; On                 ; On                 ;
; Ignore translate_off and synthesis_off directives                ; Off                ; Off                ;
; Timing-Driven Synthesis                                          ; On                 ; On                 ;
; Report Parameter Settings                                        ; On                 ; On                 ;
; Report Source Assignments                                        ; On                 ; On                 ;
; Report Connectivity Checks                                       ; On                 ; On                 ;
; Ignore Maximum Fan-Out Assignments                               ; Off                ; Off                ;
; Synchronization Register Chain Length                            ; 2                  ; 2                  ;
; Power Optimization During Synthesis                              ; Normal compilation ; Normal compilation ;
; HDL message level                                                ; Level2             ; Level2             ;
; Suppress Register Optimization Related Messages                  ; Off                ; Off                ;
; Number of Removed Registers Reported in Synthesis Report         ; 5000               ; 5000               ;
; Number of Swept Nodes Reported in Synthesis Report               ; 5000               ; 5000               ;
; Number of Inverted Registers Reported in Synthesis Report        ; 100                ; 100                ;
; Clock MUX Protection                                             ; On                 ; On                 ;
; Auto Gated Clock Conversion                                      ; Off                ; Off                ;
; Block Design Naming                                              ; Auto               ; Auto               ;
; SDC constraint protection                                        ; Off                ; Off                ;
; Synthesis Effort                                                 ; Auto               ; Auto               ;
; Shift Register Replacement - Allow Asynchronous Clear Signal     ; On                 ; On                 ;
; Pre-Mapping Resynthesis Optimization                             ; Off                ; Off                ;
; Analysis & Synthesis Message Level                               ; Medium             ; Medium             ;
; Disable Register Merging Across Hierarchies                      ; Auto               ; Auto               ;
; Resource Aware Inference For Block RAM                           ; On                 ; On                 ;
+------------------------------------------------------------------+--------------------+--------------------+


+------------------------------------------+
; Parallel Compilation                     ;
+----------------------------+-------------+
; Processors                 ; Number      ;
+----------------------------+-------------+
; Number detected on machine ; 16          ;
; Maximum allowed            ; 16          ;
;                            ;             ;
; Average used               ; 1.00        ;
; Maximum used               ; 16          ;
;                            ;             ;
; Usage by Processor         ; % Time Used ;
;     Processor 1            ; 100.0%      ;
;     Processor 2            ;   0.0%      ;
;     Processor 3            ;   0.0%      ;
;     Processor 4            ;   0.0%      ;
;     Processor 5            ;   0.0%      ;
;     Processor 6            ;   0.0%      ;
;     Processor 7            ;   0.0%      ;
;     Processor 8            ;   0.0%      ;
;     Processors 9-16        ;   0.0%      ;
+----------------------------+-------------+


+------------------------------------------------------------------------------------------------------------------------------------------------------------------------------------+
; Analysis & Synthesis Source Files Read                                                                                                                                             ;
+----------------------------------+-----------------+-----------------+---------------------------------------------------------------------------------------------------+---------+
; File Name with User-Entered Path ; Used in Netlist ; File Type       ; File Name with Absolute Path                                                                      ; Library ;
+----------------------------------+-----------------+-----------------+---------------------------------------------------------------------------------------------------+---------+
; ../src/vhdl/xtea_engine_fsm.vhd  ; yes             ; User VHDL File  ; C:/Users/goldw/Documents/gswt/Project/tubes-sisdig/tubes-sisdig-2023/src/vhdl/xtea_engine_fsm.vhd ;         ;
; ../src/vhdl/xtea_engine.vhd      ; yes             ; User VHDL File  ; C:/Users/goldw/Documents/gswt/Project/tubes-sisdig/tubes-sisdig-2023/src/vhdl/xtea_engine.vhd     ;         ;
; ../src/vhdl/top_level.vhd        ; yes             ; User VHDL File  ; C:/Users/goldw/Documents/gswt/Project/tubes-sisdig/tubes-sisdig-2023/src/vhdl/top_level.vhd       ;         ;
; ../src/vhdl/speed_select.vhd     ; yes             ; User VHDL File  ; C:/Users/goldw/Documents/gswt/Project/tubes-sisdig/tubes-sisdig-2023/src/vhdl/speed_select.vhd    ;         ;
; ../src/vhdl/register32.vhd       ; yes             ; User VHDL File  ; C:/Users/goldw/Documents/gswt/Project/tubes-sisdig/tubes-sisdig-2023/src/vhdl/register32.vhd      ;         ;
; ../src/vhdl/my_uart_tx.vhd       ; yes             ; User VHDL File  ; C:/Users/goldw/Documents/gswt/Project/tubes-sisdig/tubes-sisdig-2023/src/vhdl/my_uart_tx.vhd      ;         ;
; ../src/vhdl/my_uart_top.vhd      ; yes             ; User VHDL File  ; C:/Users/goldw/Documents/gswt/Project/tubes-sisdig/tubes-sisdig-2023/src/vhdl/my_uart_top.vhd     ;         ;
; ../src/vhdl/my_uart_rx.vhd       ; yes             ; User VHDL File  ; C:/Users/goldw/Documents/gswt/Project/tubes-sisdig/tubes-sisdig-2023/src/vhdl/my_uart_rx.vhd      ;         ;
; ../src/vhdl/mux_4in.vhd          ; yes             ; User VHDL File  ; C:/Users/goldw/Documents/gswt/Project/tubes-sisdig/tubes-sisdig-2023/src/vhdl/mux_4in.vhd         ;         ;
; ../src/vhdl/mux_2in.vhd          ; yes             ; User VHDL File  ; C:/Users/goldw/Documents/gswt/Project/tubes-sisdig/tubes-sisdig-2023/src/vhdl/mux_2in.vhd         ;         ;
+----------------------------------+-----------------+-----------------+---------------------------------------------------------------------------------------------------+---------+


+---------------------------------------------------------+
; Analysis & Synthesis Resource Usage Summary             ;
+---------------------------------------------+-----------+
; Resource                                    ; Usage     ;
+---------------------------------------------+-----------+
; Estimated Total logic elements              ; 1,075     ;
;                                             ;           ;
; Total combinational functions               ; 794       ;
; Logic element usage by number of LUT inputs ;           ;
;     -- 4 input functions                    ; 244       ;
;     -- 3 input functions                    ; 349       ;
;     -- <=2 input functions                  ; 201       ;
;                                             ;           ;
; Logic elements by mode                      ;           ;
;     -- normal mode                          ; 521       ;
;     -- arithmetic mode                      ; 273       ;
;                                             ;           ;
; Total registers                             ; 585       ;
;     -- Dedicated logic registers            ; 585       ;
;     -- I/O registers                        ; 0         ;
;                                             ;           ;
; I/O pins                                    ; 18        ;
;                                             ;           ;
; Embedded Multiplier 9-bit elements          ; 0         ;
;                                             ;           ;
; Maximum fan-out node                        ; clk~input ;
; Maximum fan-out                             ; 585       ;
; Total fan-out                               ; 4508      ;
; Average fan-out                             ; 3.19      ;
+---------------------------------------------+-----------+


+------------------------------------------------------------------------------------------------------------------------------------------------------------------------------------------------------------------------------------------------------+
; Analysis & Synthesis Resource Utilization by Entity                                                                                                                                                                                                  ;
+--------------------------------+---------------------+---------------------------+-------------+--------------+---------+-----------+------+--------------+---------------------------------------------------------+-----------------+--------------+
; Compilation Hierarchy Node     ; Combinational ALUTs ; Dedicated Logic Registers ; Memory Bits ; DSP Elements ; DSP 9x9 ; DSP 18x18 ; Pins ; Virtual Pins ; Full Hierarchy Name                                     ; Entity Name     ; Library Name ;
+--------------------------------+---------------------+---------------------------+-------------+--------------+---------+-----------+------+--------------+---------------------------------------------------------+-----------------+--------------+
; |top_level                     ; 794 (233)           ; 585 (307)                 ; 0           ; 0            ; 0       ; 0         ; 18   ; 0            ; |top_level                                              ; top_level       ; work         ;
;    |my_uart_top:UART|          ; 90 (0)              ; 72 (0)                    ; 0           ; 0            ; 0       ; 0         ; 0    ; 0            ; |top_level|my_uart_top:UART                             ; my_uart_top     ; work         ;
;       |my_uart_rx:receiver|    ; 28 (28)             ; 26 (26)                   ; 0           ; 0            ; 0       ; 0         ; 0    ; 0            ; |top_level|my_uart_top:UART|my_uart_rx:receiver         ; my_uart_rx      ; work         ;
;       |my_uart_tx:transmitter| ; 18 (18)             ; 18 (18)                   ; 0           ; 0            ; 0       ; 0         ; 0    ; 0            ; |top_level|my_uart_top:UART|my_uart_tx:transmitter      ; my_uart_tx      ; work         ;
;       |speed_select:speed_rx|  ; 22 (22)             ; 14 (14)                   ; 0           ; 0            ; 0       ; 0         ; 0    ; 0            ; |top_level|my_uart_top:UART|speed_select:speed_rx       ; speed_select    ; work         ;
;       |speed_select:speed_tx|  ; 22 (22)             ; 14 (14)                   ; 0           ; 0            ; 0       ; 0         ; 0    ; 0            ; |top_level|my_uart_top:UART|speed_select:speed_tx       ; speed_select    ; work         ;
;    |xtea_engine:xtea_engine1|  ; 471 (152)           ; 206 (0)                   ; 0           ; 0            ; 0       ; 0         ; 0    ; 0            ; |top_level|xtea_engine:xtea_engine1                     ; xtea_engine     ; work         ;
;       |mux_2in:key_sel_mux|    ; 2 (2)               ; 0 (0)                     ; 0           ; 0            ; 0       ; 0         ; 0    ; 0            ; |top_level|xtea_engine:xtea_engine1|mux_2in:key_sel_mux ; mux_2in         ; work         ;
;       |mux_2in:op_mux2|        ; 32 (32)             ; 0 (0)                     ; 0           ; 0            ; 0       ; 0         ; 0    ; 0            ; |top_level|xtea_engine:xtea_engine1|mux_2in:op_mux2     ; mux_2in         ; work         ;
;       |mux_2in:op_mux|         ; 32 (32)             ; 0 (0)                     ; 0           ; 0            ; 0       ; 0         ; 0    ; 0            ; |top_level|xtea_engine:xtea_engine1|mux_2in:op_mux      ; mux_2in         ; work         ;
;       |mux_2in:v0_mux|         ; 32 (32)             ; 0 (0)                     ; 0           ; 0            ; 0       ; 0         ; 0    ; 0            ; |top_level|xtea_engine:xtea_engine1|mux_2in:v0_mux      ; mux_2in         ; work         ;
;       |mux_2in:v1_mux|         ; 32 (32)             ; 0 (0)                     ; 0           ; 0            ; 0       ; 0         ; 0    ; 0            ; |top_level|xtea_engine:xtea_engine1|mux_2in:v1_mux      ; mux_2in         ; work         ;
;       |mux_4in:key_mux|        ; 64 (64)             ; 0 (0)                     ; 0           ; 0            ; 0       ; 0         ; 0    ; 0            ; |top_level|xtea_engine:xtea_engine1|mux_4in:key_mux     ; mux_4in         ; work         ;
;       |register32:out0_reg|    ; 0 (0)               ; 32 (32)                   ; 0           ; 0            ; 0       ; 0         ; 0    ; 0            ; |top_level|xtea_engine:xtea_engine1|register32:out0_reg ; register32      ; work         ;
;       |register32:out1_reg|    ; 0 (0)               ; 32 (32)                   ; 0           ; 0            ; 0       ; 0         ; 0    ; 0            ; |top_level|xtea_engine:xtea_engine1|register32:out1_reg ; register32      ; work         ;
;       |register32:sum_reg|     ; 32 (32)             ; 32 (32)                   ; 0           ; 0            ; 0       ; 0         ; 0    ; 0            ; |top_level|xtea_engine:xtea_engine1|register32:sum_reg  ; register32      ; work         ;
;       |register32:v0_reg|      ; 0 (0)               ; 32 (32)                   ; 0           ; 0            ; 0       ; 0         ; 0    ; 0            ; |top_level|xtea_engine:xtea_engine1|register32:v0_reg   ; register32      ; work         ;
;       |register32:v1_reg|      ; 0 (0)               ; 32 (32)                   ; 0           ; 0            ; 0       ; 0         ; 0    ; 0            ; |top_level|xtea_engine:xtea_engine1|register32:v1_reg   ; register32      ; work         ;
;       |xtea_engine_fsm:fsm|    ; 93 (93)             ; 46 (46)                   ; 0           ; 0            ; 0       ; 0         ; 0    ; 0            ; |top_level|xtea_engine:xtea_engine1|xtea_engine_fsm:fsm ; xtea_engine_fsm ; work         ;
+--------------------------------+---------------------+---------------------------+-------------+--------------+---------+-----------+------+--------------+---------------------------------------------------------+-----------------+--------------+
Note: For table entries with two numbers listed, the numbers in parentheses indicate the number of resources of the given type used by the specific entity alone. The numbers listed outside of parentheses indicate the total resources of the given type used by the specific entity and all of its sub-entities in the hierarchy.


Encoding Type:  One-Hot
+--------------------------------------------------------------------------------------------------------------------------------+
; State Machine - |top_level|rxState                                                                                             ;
+-------------------+-------------------+----------------+---------------+---------------+-------------------+-------------------+
; Name              ; rxState.s_proceed ; rxState.s_ende ; rxState.s_msg ; rxState.s_key ; rxState.s_command ; rxState.s_waiting ;
+-------------------+-------------------+----------------+---------------+---------------+-------------------+-------------------+
; rxState.s_waiting ; 0                 ; 0              ; 0             ; 0             ; 0                 ; 0                 ;
; rxState.s_command ; 0                 ; 0              ; 0             ; 0             ; 1                 ; 1                 ;
; rxState.s_key     ; 0                 ; 0              ; 0             ; 1             ; 0                 ; 1                 ;
; rxState.s_msg     ; 0                 ; 0              ; 1             ; 0             ; 0                 ; 1                 ;
; rxState.s_ende    ; 0                 ; 1              ; 0             ; 0             ; 0                 ; 1                 ;
; rxState.s_proceed ; 1                 ; 0              ; 0             ; 0             ; 0                 ; 1                 ;
+-------------------+-------------------+----------------+---------------+---------------+-------------------+-------------------+


Encoding Type:  One-Hot
+--------------------------------------------------------------------------------------------------------------------------------------------+
; State Machine - |top_level|xtea_engine:xtea_engine1|xtea_engine_fsm:fsm|state                                                              ;
+-----------------+--------------+-----------------+-------------+--------------+--------------+--------------+-----------------+------------+
; Name            ; state.s_done ; state.s_op_done ; state.s_sum ; state.s_op_1 ; state.s_op_0 ; state.s_load ; state.s_waiting ; state.init ;
+-----------------+--------------+-----------------+-------------+--------------+--------------+--------------+-----------------+------------+
; state.init      ; 0            ; 0               ; 0           ; 0            ; 0            ; 0            ; 0               ; 0          ;
; state.s_waiting ; 0            ; 0               ; 0           ; 0            ; 0            ; 0            ; 1               ; 1          ;
; state.s_load    ; 0            ; 0               ; 0           ; 0            ; 0            ; 1            ; 0               ; 1          ;
; state.s_op_0    ; 0            ; 0               ; 0           ; 0            ; 1            ; 0            ; 0               ; 1          ;
; state.s_op_1    ; 0            ; 0               ; 0           ; 1            ; 0            ; 0            ; 0               ; 1          ;
; state.s_sum     ; 0            ; 0               ; 1           ; 0            ; 0            ; 0            ; 0               ; 1          ;
; state.s_op_done ; 0            ; 1               ; 0           ; 0            ; 0            ; 0            ; 0               ; 1          ;
; state.s_done    ; 1            ; 0               ; 0           ; 0            ; 0            ; 0            ; 0               ; 1          ;
+-----------------+--------------+-----------------+-------------+--------------+--------------+--------------+-----------------+------------+


+---------------------------------------------------------------------------------------------------------------------------+
; Registers Removed During Synthesis                                                                                        ;
+--------------------------------------------------------+------------------------------------------------------------------+
; Register name                                          ; Reason for Removal                                               ;
+--------------------------------------------------------+------------------------------------------------------------------+
; my_uart_top:UART|my_uart_tx:transmitter|bps_start_r~en ; Lost fanout                                                      ;
; my_uart_top:UART|my_uart_rx:receiver|bps_start_r~en    ; Lost fanout                                                      ;
; xtea_engine:xtea_engine1|xtea_engine_fsm:fsm|sel_v0    ; Merged with xtea_engine:xtea_engine1|xtea_engine_fsm:fsm|sel_sum ;
; xtea_engine:xtea_engine1|xtea_engine_fsm:fsm|sel_v1    ; Merged with xtea_engine:xtea_engine1|xtea_engine_fsm:fsm|sel_sum ;
; Total Number of Removed Registers = 4                  ;                                                                  ;
+--------------------------------------------------------+------------------------------------------------------------------+


+------------------------------------------------------+
; General Register Statistics                          ;
+----------------------------------------------+-------+
; Statistic                                    ; Value ;
+----------------------------------------------+-------+
; Total registers                              ; 585   ;
; Number of registers using Synchronous Clear  ; 122   ;
; Number of registers using Synchronous Load   ; 34    ;
; Number of registers using Asynchronous Clear ; 230   ;
; Number of registers using Asynchronous Load  ; 0     ;
; Number of registers using Clock Enable       ; 477   ;
; Number of registers using Preset             ; 0     ;
+----------------------------------------------+-------+


+--------------------------------------------------------------+
; Inverted Register Statistics                                 ;
+----------------------------------------------------+---------+
; Inverted Register                                  ; Fan out ;
+----------------------------------------------------+---------+
; my_uart_top:UART|my_uart_tx:transmitter|rs232_tx_r ; 2       ;
; Total number of inverted registers = 1             ;         ;
+----------------------------------------------------+---------+


+---------------------------------------------------------------------------------------------------------------------------------------------------------------------------------+
; Multiplexer Restructuring Statistics (Restructuring Performed)                                                                                                                  ;
+--------------------+-----------+---------------+----------------------+------------------------+------------+-------------------------------------------------------------------+
; Multiplexer Inputs ; Bus Width ; Baseline Area ; Area if Restructured ; Saving if Restructured ; Registered ; Example Multiplexer Output                                        ;
+--------------------+-----------+---------------+----------------------+------------------------+------------+-------------------------------------------------------------------+
; 3:1                ; 4 bits    ; 8 LEs         ; 4 LEs                ; 4 LEs                  ; Yes        ; |top_level|my_uart_top:UART|my_uart_rx:receiver|num[0]            ;
; 3:1                ; 4 bits    ; 8 LEs         ; 4 LEs                ; 4 LEs                  ; Yes        ; |top_level|my_uart_top:UART|my_uart_tx:transmitter|num[0]         ;
; 3:1                ; 32 bits   ; 64 LEs        ; 32 LEs               ; 32 LEs                 ; Yes        ; |top_level|idx_tx[19]                                             ;
; 3:1                ; 32 bits   ; 64 LEs        ; 32 LEs               ; 32 LEs                 ; Yes        ; |top_level|cnt_tx[15]                                             ;
; 8:1                ; 8 bits    ; 40 LEs        ; 40 LEs               ; 0 LEs                  ; Yes        ; |top_level|send_data[7]                                           ;
; 7:1                ; 32 bits   ; 128 LEs       ; 32 LEs               ; 96 LEs                 ; Yes        ; |top_level|cnt[30]                                                ;
; 3:1                ; 2 bits    ; 4 LEs         ; 4 LEs                ; 0 LEs                  ; No         ; |top_level|xtea_engine:xtea_engine1|xtea_engine_fsm:fsm|state     ;
; 4:1                ; 32 bits   ; 64 LEs        ; 64 LEs               ; 0 LEs                  ; No         ; |top_level|xtea_engine:xtea_engine1|mux_4in:key_mux|o_data[1]     ;
; 5:1                ; 2 bits    ; 6 LEs         ; 4 LEs                ; 2 LEs                  ; No         ; |top_level|xtea_engine:xtea_engine1|xtea_engine_fsm:fsm|Selector4 ;
; 8:1                ; 4 bits    ; 20 LEs        ; 16 LEs               ; 4 LEs                  ; No         ; |top_level|rxState                                                ;
; 7:1                ; 2 bits    ; 8 LEs         ; 8 LEs                ; 0 LEs                  ; No         ; |top_level|xtea_engine:xtea_engine1|xtea_engine_fsm:fsm|Selector1 ;
; 10:1               ; 2 bits    ; 12 LEs        ; 4 LEs                ; 8 LEs                  ; No         ; |top_level|rxState                                                ;
+--------------------+-----------+---------------+----------------------+------------------------+------------+-------------------------------------------------------------------+


+-------------------------------------------------------------------------------------------+
; Parameter Settings for User Entity Instance: xtea_engine:xtea_engine1|xtea_engine_fsm:fsm ;
+----------------+-------+------------------------------------------------------------------+
; Parameter Name ; Value ; Type                                                             ;
+----------------+-------+------------------------------------------------------------------+
; num_rounds     ; 32    ; Signed Integer                                                   ;
+----------------+-------+------------------------------------------------------------------+
Note: In order to hide this table in the UI and the text report file, please set the "Show Parameter Settings in Synthesis Report" option in "Analysis and Synthesis Settings -> More Settings" to "Off".


+--------------------------------------------------------------------------------------+
; Parameter Settings for User Entity Instance: xtea_engine:xtea_engine1|mux_2in:v0_mux ;
+----------------+-------+-------------------------------------------------------------+
; Parameter Name ; Value ; Type                                                        ;
+----------------+-------+-------------------------------------------------------------+
; n              ; 32    ; Signed Integer                                              ;
+----------------+-------+-------------------------------------------------------------+
Note: In order to hide this table in the UI and the text report file, please set the "Show Parameter Settings in Synthesis Report" option in "Analysis and Synthesis Settings -> More Settings" to "Off".


+--------------------------------------------------------------------------------------+
; Parameter Settings for User Entity Instance: xtea_engine:xtea_engine1|mux_2in:v1_mux ;
+----------------+-------+-------------------------------------------------------------+
; Parameter Name ; Value ; Type                                                        ;
+----------------+-------+-------------------------------------------------------------+
; n              ; 32    ; Signed Integer                                              ;
+----------------+-------+-------------------------------------------------------------+
Note: In order to hide this table in the UI and the text report file, please set the "Show Parameter Settings in Synthesis Report" option in "Analysis and Synthesis Settings -> More Settings" to "Off".


+--------------------------------------------------------------------------------------+
; Parameter Settings for User Entity Instance: xtea_engine:xtea_engine1|mux_2in:op_mux ;
+----------------+-------+-------------------------------------------------------------+
; Parameter Name ; Value ; Type                                                        ;
+----------------+-------+-------------------------------------------------------------+
; n              ; 32    ; Signed Integer                                              ;
+----------------+-------+-------------------------------------------------------------+
Note: In order to hide this table in the UI and the text report file, please set the "Show Parameter Settings in Synthesis Report" option in "Analysis and Synthesis Settings -> More Settings" to "Off".


+---------------------------------------------------------------------------------------+
; Parameter Settings for User Entity Instance: xtea_engine:xtea_engine1|mux_2in:op_mux2 ;
+----------------+-------+--------------------------------------------------------------+
; Parameter Name ; Value ; Type                                                         ;
+----------------+-------+--------------------------------------------------------------+
; n              ; 32    ; Signed Integer                                               ;
+----------------+-------+--------------------------------------------------------------+
Note: In order to hide this table in the UI and the text report file, please set the "Show Parameter Settings in Synthesis Report" option in "Analysis and Synthesis Settings -> More Settings" to "Off".


+---------------------------------------------------------------------------------------------+
; Parameter Settings for User Entity Instance: xtea_engine:xtea_engine1|mux_2in:first_sum_mux ;
+----------------+-------+--------------------------------------------------------------------+
; Parameter Name ; Value ; Type                                                               ;
+----------------+-------+--------------------------------------------------------------------+
; n              ; 32    ; Signed Integer                                                     ;
+----------------+-------+--------------------------------------------------------------------+
Note: In order to hide this table in the UI and the text report file, please set the "Show Parameter Settings in Synthesis Report" option in "Analysis and Synthesis Settings -> More Settings" to "Off".


+---------------------------------------------------------------------------------------+
; Parameter Settings for User Entity Instance: xtea_engine:xtea_engine1|mux_2in:sum_mux ;
+----------------+-------+--------------------------------------------------------------+
; Parameter Name ; Value ; Type                                                         ;
+----------------+-------+--------------------------------------------------------------+
; n              ; 32    ; Signed Integer                                               ;
+----------------+-------+--------------------------------------------------------------+
Note: In order to hide this table in the UI and the text report file, please set the "Show Parameter Settings in Synthesis Report" option in "Analysis and Synthesis Settings -> More Settings" to "Off".


+---------------------------------------------------------------------------------------------+
; Parameter Settings for User Entity Instance: xtea_engine:xtea_engine1|mux_2in:sum_delta_mux ;
+----------------+-------+--------------------------------------------------------------------+
; Parameter Name ; Value ; Type                                                               ;
+----------------+-------+--------------------------------------------------------------------+
; n              ; 32    ; Signed Integer                                                     ;
+----------------+-------+--------------------------------------------------------------------+
Note: In order to hide this table in the UI and the text report file, please set the "Show Parameter Settings in Synthesis Report" option in "Analysis and Synthesis Settings -> More Settings" to "Off".


+-------------------------------------------------------------------------------------------+
; Parameter Settings for User Entity Instance: xtea_engine:xtea_engine1|mux_2in:key_sel_mux ;
+----------------+-------+------------------------------------------------------------------+
; Parameter Name ; Value ; Type                                                             ;
+----------------+-------+------------------------------------------------------------------+
; n              ; 32    ; Signed Integer                                                   ;
+----------------+-------+------------------------------------------------------------------+
Note: In order to hide this table in the UI and the text report file, please set the "Show Parameter Settings in Synthesis Report" option in "Analysis and Synthesis Settings -> More Settings" to "Off".


+---------------------------------------------------------------------------------------+
; Parameter Settings for User Entity Instance: xtea_engine:xtea_engine1|mux_4in:key_mux ;
+----------------+-------+--------------------------------------------------------------+
; Parameter Name ; Value ; Type                                                         ;
+----------------+-------+--------------------------------------------------------------+
; n              ; 32    ; Signed Integer                                               ;
+----------------+-------+--------------------------------------------------------------+
Note: In order to hide this table in the UI and the text report file, please set the "Show Parameter Settings in Synthesis Report" option in "Analysis and Synthesis Settings -> More Settings" to "Off".


+------------------------------------------------------------------------------------------+
; Parameter Settings for User Entity Instance: xtea_engine:xtea_engine1|mux_2in:to_reg_mux ;
+----------------+-------+-----------------------------------------------------------------+
; Parameter Name ; Value ; Type                                                            ;
+----------------+-------+-----------------------------------------------------------------+
; n              ; 32    ; Signed Integer                                                  ;
+----------------+-------+-----------------------------------------------------------------+
Note: In order to hide this table in the UI and the text report file, please set the "Show Parameter Settings in Synthesis Report" option in "Analysis and Synthesis Settings -> More Settings" to "Off".


+-------------------------------------------------------------------------------------------------------------------------+
; Port Connectivity Checks: "xtea_engine:xtea_engine1|mux_2in:key_sel_mux"                                                ;
+---------------+--------+----------+-------------------------------------------------------------------------------------+
; Port          ; Type   ; Severity ; Details                                                                             ;
+---------------+--------+----------+-------------------------------------------------------------------------------------+
; i_1[31..21]   ; Input  ; Info     ; Stuck at GND                                                                        ;
; o_data[31..2] ; Output ; Info     ; Connected to dangling logic. Logic that only feeds a dangling port will be removed. ;
+---------------+--------+----------+-------------------------------------------------------------------------------------+


+----------------------------------------------------------------------------+
; Port Connectivity Checks: "xtea_engine:xtea_engine1|mux_2in:first_sum_mux" ;
+-------------+-------+----------+-------------------------------------------+
; Port        ; Type  ; Severity ; Details                                   ;
+-------------+-------+----------+-------------------------------------------+
; i_0[31..30] ; Input ; Info     ; Stuck at VCC                              ;
; i_0[26..25] ; Input ; Info     ; Stuck at VCC                              ;
; i_0[23..21] ; Input ; Info     ; Stuck at VCC                              ;
; i_0[19..16] ; Input ; Info     ; Stuck at VCC                              ;
; i_0[13..12] ; Input ; Info     ; Stuck at VCC                              ;
; i_0[10..8]  ; Input ; Info     ; Stuck at VCC                              ;
; i_0[29..27] ; Input ; Info     ; Stuck at GND                              ;
; i_0[15..14] ; Input ; Info     ; Stuck at GND                              ;
; i_0[7..6]   ; Input ; Info     ; Stuck at GND                              ;
; i_0[4..0]   ; Input ; Info     ; Stuck at GND                              ;
; i_0[24]     ; Input ; Info     ; Stuck at GND                              ;
; i_0[20]     ; Input ; Info     ; Stuck at GND                              ;
; i_0[11]     ; Input ; Info     ; Stuck at GND                              ;
; i_0[5]      ; Input ; Info     ; Stuck at VCC                              ;
; i_1         ; Input ; Info     ; Stuck at GND                              ;
+-------------+-------+----------+-------------------------------------------+


+-----------------------------------------------------+
; Post-Synthesis Netlist Statistics for Top Partition ;
+-----------------------+-----------------------------+
; Type                  ; Count                       ;
+-----------------------+-----------------------------+
; boundary_port         ; 18                          ;
; cycloneiii_ff         ; 585                         ;
;     CLR               ; 28                          ;
;     CLR SCLR          ; 26                          ;
;     ENA               ; 237                         ;
;     ENA CLR           ; 144                         ;
;     ENA CLR SLD       ; 32                          ;
;     ENA SCLR          ; 64                          ;
;     SCLR              ; 32                          ;
;     SLD               ; 2                           ;
;     plain             ; 20                          ;
; cycloneiii_lcell_comb ; 795                         ;
;     arith             ; 273                         ;
;         2 data inputs ; 150                         ;
;         3 data inputs ; 123                         ;
;     normal            ; 522                         ;
;         0 data inputs ; 1                           ;
;         1 data inputs ; 9                           ;
;         2 data inputs ; 42                          ;
;         3 data inputs ; 226                         ;
;         4 data inputs ; 244                         ;
;                       ;                             ;
; Max LUT depth         ; 10.10                       ;
; Average LUT depth     ; 5.15                        ;
+-----------------------+-----------------------------+


+-------------------------------+
; Elapsed Time Per Partition    ;
+----------------+--------------+
; Partition Name ; Elapsed Time ;
+----------------+--------------+
; Top            ; 00:00:01     ;
+----------------+--------------+


+-------------------------------+
; Analysis & Synthesis Messages ;
+-------------------------------+
Info: *******************************************************************
Info: Running Quartus Prime Analysis & Synthesis
    Info: Version 22.1std.2 Build 922 07/20/2023 SC Lite Edition
    Info: Processing started: Tue Dec 12 07:28:47 2023
Info: Command: quartus_map --read_settings_files=on --write_settings_files=off XTEA_Project -c XTEA_Project
Warning (18236): Number of processors has not been specified which may cause overloading on shared machines.  Set the global assignment NUM_PARALLEL_PROCESSORS in your QSF to an appropriate value for best performance.
Info (20030): Parallel compilation is enabled and will use 16 of the 16 processors detected
Info (12021): Found 2 design units, including 1 entities, in source file /users/goldw/documents/gswt/project/tubes-sisdig/tubes-sisdig-2023/src/vhdl/xtea_engine_fsm.vhd
    Info (12022): Found design unit 1: xtea_engine_fsm-fsm File: C:/Users/goldw/Documents/gswt/Project/tubes-sisdig/tubes-sisdig-2023/src/vhdl/xtea_engine_fsm.vhd Line: 16
    Info (12023): Found entity 1: xtea_engine_fsm File: C:/Users/goldw/Documents/gswt/Project/tubes-sisdig/tubes-sisdig-2023/src/vhdl/xtea_engine_fsm.vhd Line: 5
Info (12021): Found 2 design units, including 1 entities, in source file /users/goldw/documents/gswt/project/tubes-sisdig/tubes-sisdig-2023/src/vhdl/xtea_engine.vhd
    Info (12022): Found design unit 1: xtea_engine-xtea_engine_arc File: C:/Users/goldw/Documents/gswt/Project/tubes-sisdig/tubes-sisdig-2023/src/vhdl/xtea_engine.vhd Line: 16
    Info (12023): Found entity 1: xtea_engine File: C:/Users/goldw/Documents/gswt/Project/tubes-sisdig/tubes-sisdig-2023/src/vhdl/xtea_engine.vhd Line: 5
Info (12021): Found 2 design units, including 1 entities, in source file /users/goldw/documents/gswt/project/tubes-sisdig/tubes-sisdig-2023/src/vhdl/top_level.vhd
    Info (12022): Found design unit 1: top_level-RTL File: C:/Users/goldw/Documents/gswt/Project/tubes-sisdig/tubes-sisdig-2023/src/vhdl/top_level.vhd Line: 17
    Info (12023): Found entity 1: top_level File: C:/Users/goldw/Documents/gswt/Project/tubes-sisdig/tubes-sisdig-2023/src/vhdl/top_level.vhd Line: 5
Info (12021): Found 2 design units, including 1 entities, in source file /users/goldw/documents/gswt/project/tubes-sisdig/tubes-sisdig-2023/src/vhdl/speed_select.vhd
    Info (12022): Found design unit 1: speed_select-RTL File: C:/Users/goldw/Documents/gswt/Project/tubes-sisdig/tubes-sisdig-2023/src/vhdl/speed_select.vhd Line: 29
    Info (12023): Found entity 1: speed_select File: C:/Users/goldw/Documents/gswt/Project/tubes-sisdig/tubes-sisdig-2023/src/vhdl/speed_select.vhd Line: 6
Info (12021): Found 2 design units, including 1 entities, in source file /users/goldw/documents/gswt/project/tubes-sisdig/tubes-sisdig-2023/src/vhdl/register32.vhd
    Info (12022): Found design unit 1: register32-behavioral File: C:/Users/goldw/Documents/gswt/Project/tubes-sisdig/tubes-sisdig-2023/src/vhdl/register32.vhd Line: 14
    Info (12023): Found entity 1: register32 File: C:/Users/goldw/Documents/gswt/Project/tubes-sisdig/tubes-sisdig-2023/src/vhdl/register32.vhd Line: 6
Info (12021): Found 2 design units, including 1 entities, in source file /users/goldw/documents/gswt/project/tubes-sisdig/tubes-sisdig-2023/src/vhdl/my_uart_tx.vhd
    Info (12022): Found design unit 1: my_uart_tx-RTL File: C:/Users/goldw/Documents/gswt/Project/tubes-sisdig/tubes-sisdig-2023/src/vhdl/my_uart_tx.vhd Line: 22
    Info (12023): Found entity 1: my_uart_tx File: C:/Users/goldw/Documents/gswt/Project/tubes-sisdig/tubes-sisdig-2023/src/vhdl/my_uart_tx.vhd Line: 9
Info (12021): Found 2 design units, including 1 entities, in source file /users/goldw/documents/gswt/project/tubes-sisdig/tubes-sisdig-2023/src/vhdl/my_uart_top.vhd
    Info (12022): Found design unit 1: my_uart_top-structural File: C:/Users/goldw/Documents/gswt/Project/tubes-sisdig/tubes-sisdig-2023/src/vhdl/my_uart_top.vhd Line: 28
    Info (12023): Found entity 1: my_uart_top File: C:/Users/goldw/Documents/gswt/Project/tubes-sisdig/tubes-sisdig-2023/src/vhdl/my_uart_top.vhd Line: 10
Info (12021): Found 2 design units, including 1 entities, in source file /users/goldw/documents/gswt/project/tubes-sisdig/tubes-sisdig-2023/src/vhdl/my_uart_rx.vhd
    Info (12022): Found design unit 1: my_uart_rx-RTL File: C:/Users/goldw/Documents/gswt/Project/tubes-sisdig/tubes-sisdig-2023/src/vhdl/my_uart_rx.vhd Line: 24
    Info (12023): Found entity 1: my_uart_rx File: C:/Users/goldw/Documents/gswt/Project/tubes-sisdig/tubes-sisdig-2023/src/vhdl/my_uart_rx.vhd Line: 10
Info (12021): Found 2 design units, including 1 entities, in source file /users/goldw/documents/gswt/project/tubes-sisdig/tubes-sisdig-2023/src/vhdl/mux_4in.vhd
    Info (12022): Found design unit 1: mux_4in-behavioral File: C:/Users/goldw/Documents/gswt/Project/tubes-sisdig/tubes-sisdig-2023/src/vhdl/mux_4in.vhd Line: 19
    Info (12023): Found entity 1: mux_4in File: C:/Users/goldw/Documents/gswt/Project/tubes-sisdig/tubes-sisdig-2023/src/vhdl/mux_4in.vhd Line: 4
Info (12021): Found 2 design units, including 1 entities, in source file /users/goldw/documents/gswt/project/tubes-sisdig/tubes-sisdig-2023/src/vhdl/mux_2in.vhd
    Info (12022): Found design unit 1: mux_2in-behavioral File: C:/Users/goldw/Documents/gswt/Project/tubes-sisdig/tubes-sisdig-2023/src/vhdl/mux_2in.vhd Line: 17
    Info (12023): Found entity 1: mux_2in File: C:/Users/goldw/Documents/gswt/Project/tubes-sisdig/tubes-sisdig-2023/src/vhdl/mux_2in.vhd Line: 4
Info (12127): Elaborating entity "top_level" for the top level hierarchy
Warning (10541): VHDL Signal Declaration warning at top_level.vhd(11): used implicit default value for signal "Digit_SS" because signal was never assigned a value or an explicit default value. Use of implicit default value may introduce unintended design optimizations. File: C:/Users/goldw/Documents/gswt/Project/tubes-sisdig/tubes-sisdig-2023/src/vhdl/top_level.vhd Line: 11
Info (12128): Elaborating entity "my_uart_top" for hierarchy "my_uart_top:UART" File: C:/Users/goldw/Documents/gswt/Project/tubes-sisdig/tubes-sisdig-2023/src/vhdl/top_level.vhd Line: 78
Info (12128): Elaborating entity "speed_select" for hierarchy "my_uart_top:UART|speed_select:speed_rx" File: C:/Users/goldw/Documents/gswt/Project/tubes-sisdig/tubes-sisdig-2023/src/vhdl/my_uart_top.vhd Line: 66
Info (12128): Elaborating entity "my_uart_rx" for hierarchy "my_uart_top:UART|my_uart_rx:receiver" File: C:/Users/goldw/Documents/gswt/Project/tubes-sisdig/tubes-sisdig-2023/src/vhdl/my_uart_top.vhd Line: 83
Info (12128): Elaborating entity "my_uart_tx" for hierarchy "my_uart_top:UART|my_uart_tx:transmitter" File: C:/Users/goldw/Documents/gswt/Project/tubes-sisdig/tubes-sisdig-2023/src/vhdl/my_uart_top.vhd Line: 94
Info (12128): Elaborating entity "xtea_engine" for hierarchy "xtea_engine:xtea_engine1" File: C:/Users/goldw/Documents/gswt/Project/tubes-sisdig/tubes-sisdig-2023/src/vhdl/top_level.vhd Line: 182
Info (12128): Elaborating entity "xtea_engine_fsm" for hierarchy "xtea_engine:xtea_engine1|xtea_engine_fsm:fsm" File: C:/Users/goldw/Documents/gswt/Project/tubes-sisdig/tubes-sisdig-2023/src/vhdl/xtea_engine.vhd Line: 103
Info (12128): Elaborating entity "register32" for hierarchy "xtea_engine:xtea_engine1|register32:out0_reg" File: C:/Users/goldw/Documents/gswt/Project/tubes-sisdig/tubes-sisdig-2023/src/vhdl/xtea_engine.vhd Line: 123
Info (12128): Elaborating entity "mux_2in" for hierarchy "xtea_engine:xtea_engine1|mux_2in:v0_mux" File: C:/Users/goldw/Documents/gswt/Project/tubes-sisdig/tubes-sisdig-2023/src/vhdl/xtea_engine.vhd Line: 141
Warning (10631): VHDL Process Statement warning at mux_2in.vhd(19): inferring latch(es) for signal or variable "o_data", which holds its previous value in one or more paths through the process File: C:/Users/goldw/Documents/gswt/Project/tubes-sisdig/tubes-sisdig-2023/src/vhdl/mux_2in.vhd Line: 19
Info (10041): Inferred latch for "o_data[0]" at mux_2in.vhd(19) File: C:/Users/goldw/Documents/gswt/Project/tubes-sisdig/tubes-sisdig-2023/src/vhdl/mux_2in.vhd Line: 19
Info (10041): Inferred latch for "o_data[1]" at mux_2in.vhd(19) File: C:/Users/goldw/Documents/gswt/Project/tubes-sisdig/tubes-sisdig-2023/src/vhdl/mux_2in.vhd Line: 19
Info (10041): Inferred latch for "o_data[2]" at mux_2in.vhd(19) File: C:/Users/goldw/Documents/gswt/Project/tubes-sisdig/tubes-sisdig-2023/src/vhdl/mux_2in.vhd Line: 19
Info (10041): Inferred latch for "o_data[3]" at mux_2in.vhd(19) File: C:/Users/goldw/Documents/gswt/Project/tubes-sisdig/tubes-sisdig-2023/src/vhdl/mux_2in.vhd Line: 19
Info (10041): Inferred latch for "o_data[4]" at mux_2in.vhd(19) File: C:/Users/goldw/Documents/gswt/Project/tubes-sisdig/tubes-sisdig-2023/src/vhdl/mux_2in.vhd Line: 19
Info (10041): Inferred latch for "o_data[5]" at mux_2in.vhd(19) File: C:/Users/goldw/Documents/gswt/Project/tubes-sisdig/tubes-sisdig-2023/src/vhdl/mux_2in.vhd Line: 19
Info (10041): Inferred latch for "o_data[6]" at mux_2in.vhd(19) File: C:/Users/goldw/Documents/gswt/Project/tubes-sisdig/tubes-sisdig-2023/src/vhdl/mux_2in.vhd Line: 19
Info (10041): Inferred latch for "o_data[7]" at mux_2in.vhd(19) File: C:/Users/goldw/Documents/gswt/Project/tubes-sisdig/tubes-sisdig-2023/src/vhdl/mux_2in.vhd Line: 19
Info (10041): Inferred latch for "o_data[8]" at mux_2in.vhd(19) File: C:/Users/goldw/Documents/gswt/Project/tubes-sisdig/tubes-sisdig-2023/src/vhdl/mux_2in.vhd Line: 19
Info (10041): Inferred latch for "o_data[9]" at mux_2in.vhd(19) File: C:/Users/goldw/Documents/gswt/Project/tubes-sisdig/tubes-sisdig-2023/src/vhdl/mux_2in.vhd Line: 19
Info (10041): Inferred latch for "o_data[10]" at mux_2in.vhd(19) File: C:/Users/goldw/Documents/gswt/Project/tubes-sisdig/tubes-sisdig-2023/src/vhdl/mux_2in.vhd Line: 19
Info (10041): Inferred latch for "o_data[11]" at mux_2in.vhd(19) File: C:/Users/goldw/Documents/gswt/Project/tubes-sisdig/tubes-sisdig-2023/src/vhdl/mux_2in.vhd Line: 19
Info (10041): Inferred latch for "o_data[12]" at mux_2in.vhd(19) File: C:/Users/goldw/Documents/gswt/Project/tubes-sisdig/tubes-sisdig-2023/src/vhdl/mux_2in.vhd Line: 19
Info (10041): Inferred latch for "o_data[13]" at mux_2in.vhd(19) File: C:/Users/goldw/Documents/gswt/Project/tubes-sisdig/tubes-sisdig-2023/src/vhdl/mux_2in.vhd Line: 19
Info (10041): Inferred latch for "o_data[14]" at mux_2in.vhd(19) File: C:/Users/goldw/Documents/gswt/Project/tubes-sisdig/tubes-sisdig-2023/src/vhdl/mux_2in.vhd Line: 19
Info (10041): Inferred latch for "o_data[15]" at mux_2in.vhd(19) File: C:/Users/goldw/Documents/gswt/Project/tubes-sisdig/tubes-sisdig-2023/src/vhdl/mux_2in.vhd Line: 19
Info (10041): Inferred latch for "o_data[16]" at mux_2in.vhd(19) File: C:/Users/goldw/Documents/gswt/Project/tubes-sisdig/tubes-sisdig-2023/src/vhdl/mux_2in.vhd Line: 19
Info (10041): Inferred latch for "o_data[17]" at mux_2in.vhd(19) File: C:/Users/goldw/Documents/gswt/Project/tubes-sisdig/tubes-sisdig-2023/src/vhdl/mux_2in.vhd Line: 19
Info (10041): Inferred latch for "o_data[18]" at mux_2in.vhd(19) File: C:/Users/goldw/Documents/gswt/Project/tubes-sisdig/tubes-sisdig-2023/src/vhdl/mux_2in.vhd Line: 19
Info (10041): Inferred latch for "o_data[19]" at mux_2in.vhd(19) File: C:/Users/goldw/Documents/gswt/Project/tubes-sisdig/tubes-sisdig-2023/src/vhdl/mux_2in.vhd Line: 19
Info (10041): Inferred latch for "o_data[20]" at mux_2in.vhd(19) File: C:/Users/goldw/Documents/gswt/Project/tubes-sisdig/tubes-sisdig-2023/src/vhdl/mux_2in.vhd Line: 19
Info (10041): Inferred latch for "o_data[21]" at mux_2in.vhd(19) File: C:/Users/goldw/Documents/gswt/Project/tubes-sisdig/tubes-sisdig-2023/src/vhdl/mux_2in.vhd Line: 19
Info (10041): Inferred latch for "o_data[22]" at mux_2in.vhd(19) File: C:/Users/goldw/Documents/gswt/Project/tubes-sisdig/tubes-sisdig-2023/src/vhdl/mux_2in.vhd Line: 19
Info (10041): Inferred latch for "o_data[23]" at mux_2in.vhd(19) File: C:/Users/goldw/Documents/gswt/Project/tubes-sisdig/tubes-sisdig-2023/src/vhdl/mux_2in.vhd Line: 19
Info (10041): Inferred latch for "o_data[24]" at mux_2in.vhd(19) File: C:/Users/goldw/Documents/gswt/Project/tubes-sisdig/tubes-sisdig-2023/src/vhdl/mux_2in.vhd Line: 19
Info (10041): Inferred latch for "o_data[25]" at mux_2in.vhd(19) File: C:/Users/goldw/Documents/gswt/Project/tubes-sisdig/tubes-sisdig-2023/src/vhdl/mux_2in.vhd Line: 19
Info (10041): Inferred latch for "o_data[26]" at mux_2in.vhd(19) File: C:/Users/goldw/Documents/gswt/Project/tubes-sisdig/tubes-sisdig-2023/src/vhdl/mux_2in.vhd Line: 19
Info (10041): Inferred latch for "o_data[27]" at mux_2in.vhd(19) File: C:/Users/goldw/Documents/gswt/Project/tubes-sisdig/tubes-sisdig-2023/src/vhdl/mux_2in.vhd Line: 19
Info (10041): Inferred latch for "o_data[28]" at mux_2in.vhd(19) File: C:/Users/goldw/Documents/gswt/Project/tubes-sisdig/tubes-sisdig-2023/src/vhdl/mux_2in.vhd Line: 19
Info (10041): Inferred latch for "o_data[29]" at mux_2in.vhd(19) File: C:/Users/goldw/Documents/gswt/Project/tubes-sisdig/tubes-sisdig-2023/src/vhdl/mux_2in.vhd Line: 19
Info (10041): Inferred latch for "o_data[30]" at mux_2in.vhd(19) File: C:/Users/goldw/Documents/gswt/Project/tubes-sisdig/tubes-sisdig-2023/src/vhdl/mux_2in.vhd Line: 19
Info (10041): Inferred latch for "o_data[31]" at mux_2in.vhd(19) File: C:/Users/goldw/Documents/gswt/Project/tubes-sisdig/tubes-sisdig-2023/src/vhdl/mux_2in.vhd Line: 19
Info (12128): Elaborating entity "mux_4in" for hierarchy "xtea_engine:xtea_engine1|mux_4in:key_mux" File: C:/Users/goldw/Documents/gswt/Project/tubes-sisdig/tubes-sisdig-2023/src/vhdl/xtea_engine.vhd Line: 265
Warning (10631): VHDL Process Statement warning at mux_4in.vhd(21): inferring latch(es) for signal or variable "o_data", which holds its previous value in one or more paths through the process File: C:/Users/goldw/Documents/gswt/Project/tubes-sisdig/tubes-sisdig-2023/src/vhdl/mux_4in.vhd Line: 21
Info (10041): Inferred latch for "o_data[0]" at mux_4in.vhd(21) File: C:/Users/goldw/Documents/gswt/Project/tubes-sisdig/tubes-sisdig-2023/src/vhdl/mux_4in.vhd Line: 21
Info (10041): Inferred latch for "o_data[1]" at mux_4in.vhd(21) File: C:/Users/goldw/Documents/gswt/Project/tubes-sisdig/tubes-sisdig-2023/src/vhdl/mux_4in.vhd Line: 21
Info (10041): Inferred latch for "o_data[2]" at mux_4in.vhd(21) File: C:/Users/goldw/Documents/gswt/Project/tubes-sisdig/tubes-sisdig-2023/src/vhdl/mux_4in.vhd Line: 21
Info (10041): Inferred latch for "o_data[3]" at mux_4in.vhd(21) File: C:/Users/goldw/Documents/gswt/Project/tubes-sisdig/tubes-sisdig-2023/src/vhdl/mux_4in.vhd Line: 21
Info (10041): Inferred latch for "o_data[4]" at mux_4in.vhd(21) File: C:/Users/goldw/Documents/gswt/Project/tubes-sisdig/tubes-sisdig-2023/src/vhdl/mux_4in.vhd Line: 21
Info (10041): Inferred latch for "o_data[5]" at mux_4in.vhd(21) File: C:/Users/goldw/Documents/gswt/Project/tubes-sisdig/tubes-sisdig-2023/src/vhdl/mux_4in.vhd Line: 21
Info (10041): Inferred latch for "o_data[6]" at mux_4in.vhd(21) File: C:/Users/goldw/Documents/gswt/Project/tubes-sisdig/tubes-sisdig-2023/src/vhdl/mux_4in.vhd Line: 21
Info (10041): Inferred latch for "o_data[7]" at mux_4in.vhd(21) File: C:/Users/goldw/Documents/gswt/Project/tubes-sisdig/tubes-sisdig-2023/src/vhdl/mux_4in.vhd Line: 21
Info (10041): Inferred latch for "o_data[8]" at mux_4in.vhd(21) File: C:/Users/goldw/Documents/gswt/Project/tubes-sisdig/tubes-sisdig-2023/src/vhdl/mux_4in.vhd Line: 21
Info (10041): Inferred latch for "o_data[9]" at mux_4in.vhd(21) File: C:/Users/goldw/Documents/gswt/Project/tubes-sisdig/tubes-sisdig-2023/src/vhdl/mux_4in.vhd Line: 21
Info (10041): Inferred latch for "o_data[10]" at mux_4in.vhd(21) File: C:/Users/goldw/Documents/gswt/Project/tubes-sisdig/tubes-sisdig-2023/src/vhdl/mux_4in.vhd Line: 21
Info (10041): Inferred latch for "o_data[11]" at mux_4in.vhd(21) File: C:/Users/goldw/Documents/gswt/Project/tubes-sisdig/tubes-sisdig-2023/src/vhdl/mux_4in.vhd Line: 21
Info (10041): Inferred latch for "o_data[12]" at mux_4in.vhd(21) File: C:/Users/goldw/Documents/gswt/Project/tubes-sisdig/tubes-sisdig-2023/src/vhdl/mux_4in.vhd Line: 21
Info (10041): Inferred latch for "o_data[13]" at mux_4in.vhd(21) File: C:/Users/goldw/Documents/gswt/Project/tubes-sisdig/tubes-sisdig-2023/src/vhdl/mux_4in.vhd Line: 21
Info (10041): Inferred latch for "o_data[14]" at mux_4in.vhd(21) File: C:/Users/goldw/Documents/gswt/Project/tubes-sisdig/tubes-sisdig-2023/src/vhdl/mux_4in.vhd Line: 21
Info (10041): Inferred latch for "o_data[15]" at mux_4in.vhd(21) File: C:/Users/goldw/Documents/gswt/Project/tubes-sisdig/tubes-sisdig-2023/src/vhdl/mux_4in.vhd Line: 21
Info (10041): Inferred latch for "o_data[16]" at mux_4in.vhd(21) File: C:/Users/goldw/Documents/gswt/Project/tubes-sisdig/tubes-sisdig-2023/src/vhdl/mux_4in.vhd Line: 21
Info (10041): Inferred latch for "o_data[17]" at mux_4in.vhd(21) File: C:/Users/goldw/Documents/gswt/Project/tubes-sisdig/tubes-sisdig-2023/src/vhdl/mux_4in.vhd Line: 21
Info (10041): Inferred latch for "o_data[18]" at mux_4in.vhd(21) File: C:/Users/goldw/Documents/gswt/Project/tubes-sisdig/tubes-sisdig-2023/src/vhdl/mux_4in.vhd Line: 21
Info (10041): Inferred latch for "o_data[19]" at mux_4in.vhd(21) File: C:/Users/goldw/Documents/gswt/Project/tubes-sisdig/tubes-sisdig-2023/src/vhdl/mux_4in.vhd Line: 21
Info (10041): Inferred latch for "o_data[20]" at mux_4in.vhd(21) File: C:/Users/goldw/Documents/gswt/Project/tubes-sisdig/tubes-sisdig-2023/src/vhdl/mux_4in.vhd Line: 21
Info (10041): Inferred latch for "o_data[21]" at mux_4in.vhd(21) File: C:/Users/goldw/Documents/gswt/Project/tubes-sisdig/tubes-sisdig-2023/src/vhdl/mux_4in.vhd Line: 21
Info (10041): Inferred latch for "o_data[22]" at mux_4in.vhd(21) File: C:/Users/goldw/Documents/gswt/Project/tubes-sisdig/tubes-sisdig-2023/src/vhdl/mux_4in.vhd Line: 21
Info (10041): Inferred latch for "o_data[23]" at mux_4in.vhd(21) File: C:/Users/goldw/Documents/gswt/Project/tubes-sisdig/tubes-sisdig-2023/src/vhdl/mux_4in.vhd Line: 21
Info (10041): Inferred latch for "o_data[24]" at mux_4in.vhd(21) File: C:/Users/goldw/Documents/gswt/Project/tubes-sisdig/tubes-sisdig-2023/src/vhdl/mux_4in.vhd Line: 21
Info (10041): Inferred latch for "o_data[25]" at mux_4in.vhd(21) File: C:/Users/goldw/Documents/gswt/Project/tubes-sisdig/tubes-sisdig-2023/src/vhdl/mux_4in.vhd Line: 21
Info (10041): Inferred latch for "o_data[26]" at mux_4in.vhd(21) File: C:/Users/goldw/Documents/gswt/Project/tubes-sisdig/tubes-sisdig-2023/src/vhdl/mux_4in.vhd Line: 21
Info (10041): Inferred latch for "o_data[27]" at mux_4in.vhd(21) File: C:/Users/goldw/Documents/gswt/Project/tubes-sisdig/tubes-sisdig-2023/src/vhdl/mux_4in.vhd Line: 21
Info (10041): Inferred latch for "o_data[28]" at mux_4in.vhd(21) File: C:/Users/goldw/Documents/gswt/Project/tubes-sisdig/tubes-sisdig-2023/src/vhdl/mux_4in.vhd Line: 21
Info (10041): Inferred latch for "o_data[29]" at mux_4in.vhd(21) File: C:/Users/goldw/Documents/gswt/Project/tubes-sisdig/tubes-sisdig-2023/src/vhdl/mux_4in.vhd Line: 21
Info (10041): Inferred latch for "o_data[30]" at mux_4in.vhd(21) File: C:/Users/goldw/Documents/gswt/Project/tubes-sisdig/tubes-sisdig-2023/src/vhdl/mux_4in.vhd Line: 21
Info (10041): Inferred latch for "o_data[31]" at mux_4in.vhd(21) File: C:/Users/goldw/Documents/gswt/Project/tubes-sisdig/tubes-sisdig-2023/src/vhdl/mux_4in.vhd Line: 21
Warning (13046): Tri-state node(s) do not directly drive top-level pin(s)
    Warning (13049): Converted tri-state buffer "my_uart_top:UART|my_uart_tx:transmitter|bps_start" feeding internal logic into a wire File: C:/Users/goldw/Documents/gswt/Project/tubes-sisdig/tubes-sisdig-2023/src/vhdl/my_uart_tx.vhd Line: 16
    Warning (13049): Converted tri-state buffer "my_uart_top:UART|my_uart_rx:receiver|bps_start" feeding internal logic into a wire File: C:/Users/goldw/Documents/gswt/Project/tubes-sisdig/tubes-sisdig-2023/src/vhdl/my_uart_rx.vhd Line: 16
Warning (14026): LATCH primitive "xtea_engine:xtea_engine1|mux_4in:key_mux|o_data[0]" is permanently enabled File: C:/Users/goldw/Documents/gswt/Project/tubes-sisdig/tubes-sisdig-2023/src/vhdl/mux_4in.vhd Line: 21
Warning (14026): LATCH primitive "xtea_engine:xtea_engine1|mux_4in:key_mux|o_data[1]" is permanently enabled File: C:/Users/goldw/Documents/gswt/Project/tubes-sisdig/tubes-sisdig-2023/src/vhdl/mux_4in.vhd Line: 21
Warning (14026): LATCH primitive "xtea_engine:xtea_engine1|mux_4in:key_mux|o_data[2]" is permanently enabled File: C:/Users/goldw/Documents/gswt/Project/tubes-sisdig/tubes-sisdig-2023/src/vhdl/mux_4in.vhd Line: 21
Warning (14026): LATCH primitive "xtea_engine:xtea_engine1|mux_4in:key_mux|o_data[3]" is permanently enabled File: C:/Users/goldw/Documents/gswt/Project/tubes-sisdig/tubes-sisdig-2023/src/vhdl/mux_4in.vhd Line: 21
Warning (14026): LATCH primitive "xtea_engine:xtea_engine1|mux_4in:key_mux|o_data[4]" is permanently enabled File: C:/Users/goldw/Documents/gswt/Project/tubes-sisdig/tubes-sisdig-2023/src/vhdl/mux_4in.vhd Line: 21
Warning (14026): LATCH primitive "xtea_engine:xtea_engine1|mux_4in:key_mux|o_data[5]" is permanently enabled File: C:/Users/goldw/Documents/gswt/Project/tubes-sisdig/tubes-sisdig-2023/src/vhdl/mux_4in.vhd Line: 21
Warning (14026): LATCH primitive "xtea_engine:xtea_engine1|mux_4in:key_mux|o_data[6]" is permanently enabled File: C:/Users/goldw/Documents/gswt/Project/tubes-sisdig/tubes-sisdig-2023/src/vhdl/mux_4in.vhd Line: 21
Warning (14026): LATCH primitive "xtea_engine:xtea_engine1|mux_4in:key_mux|o_data[7]" is permanently enabled File: C:/Users/goldw/Documents/gswt/Project/tubes-sisdig/tubes-sisdig-2023/src/vhdl/mux_4in.vhd Line: 21
Warning (14026): LATCH primitive "xtea_engine:xtea_engine1|mux_4in:key_mux|o_data[8]" is permanently enabled File: C:/Users/goldw/Documents/gswt/Project/tubes-sisdig/tubes-sisdig-2023/src/vhdl/mux_4in.vhd Line: 21
Warning (14026): LATCH primitive "xtea_engine:xtea_engine1|mux_4in:key_mux|o_data[9]" is permanently enabled File: C:/Users/goldw/Documents/gswt/Project/tubes-sisdig/tubes-sisdig-2023/src/vhdl/mux_4in.vhd Line: 21
Warning (14026): LATCH primitive "xtea_engine:xtea_engine1|mux_4in:key_mux|o_data[10]" is permanently enabled File: C:/Users/goldw/Documents/gswt/Project/tubes-sisdig/tubes-sisdig-2023/src/vhdl/mux_4in.vhd Line: 21
Warning (14026): LATCH primitive "xtea_engine:xtea_engine1|mux_4in:key_mux|o_data[11]" is permanently enabled File: C:/Users/goldw/Documents/gswt/Project/tubes-sisdig/tubes-sisdig-2023/src/vhdl/mux_4in.vhd Line: 21
Warning (14026): LATCH primitive "xtea_engine:xtea_engine1|mux_4in:key_mux|o_data[12]" is permanently enabled File: C:/Users/goldw/Documents/gswt/Project/tubes-sisdig/tubes-sisdig-2023/src/vhdl/mux_4in.vhd Line: 21
Warning (14026): LATCH primitive "xtea_engine:xtea_engine1|mux_4in:key_mux|o_data[13]" is permanently enabled File: C:/Users/goldw/Documents/gswt/Project/tubes-sisdig/tubes-sisdig-2023/src/vhdl/mux_4in.vhd Line: 21
Warning (14026): LATCH primitive "xtea_engine:xtea_engine1|mux_4in:key_mux|o_data[14]" is permanently enabled File: C:/Users/goldw/Documents/gswt/Project/tubes-sisdig/tubes-sisdig-2023/src/vhdl/mux_4in.vhd Line: 21
Warning (14026): LATCH primitive "xtea_engine:xtea_engine1|mux_4in:key_mux|o_data[15]" is permanently enabled File: C:/Users/goldw/Documents/gswt/Project/tubes-sisdig/tubes-sisdig-2023/src/vhdl/mux_4in.vhd Line: 21
Warning (14026): LATCH primitive "xtea_engine:xtea_engine1|mux_4in:key_mux|o_data[16]" is permanently enabled File: C:/Users/goldw/Documents/gswt/Project/tubes-sisdig/tubes-sisdig-2023/src/vhdl/mux_4in.vhd Line: 21
Warning (14026): LATCH primitive "xtea_engine:xtea_engine1|mux_4in:key_mux|o_data[17]" is permanently enabled File: C:/Users/goldw/Documents/gswt/Project/tubes-sisdig/tubes-sisdig-2023/src/vhdl/mux_4in.vhd Line: 21
Warning (14026): LATCH primitive "xtea_engine:xtea_engine1|mux_4in:key_mux|o_data[18]" is permanently enabled File: C:/Users/goldw/Documents/gswt/Project/tubes-sisdig/tubes-sisdig-2023/src/vhdl/mux_4in.vhd Line: 21
Warning (14026): LATCH primitive "xtea_engine:xtea_engine1|mux_4in:key_mux|o_data[19]" is permanently enabled File: C:/Users/goldw/Documents/gswt/Project/tubes-sisdig/tubes-sisdig-2023/src/vhdl/mux_4in.vhd Line: 21
Warning (14026): LATCH primitive "xtea_engine:xtea_engine1|mux_4in:key_mux|o_data[20]" is permanently enabled File: C:/Users/goldw/Documents/gswt/Project/tubes-sisdig/tubes-sisdig-2023/src/vhdl/mux_4in.vhd Line: 21
Warning (14026): LATCH primitive "xtea_engine:xtea_engine1|mux_4in:key_mux|o_data[21]" is permanently enabled File: C:/Users/goldw/Documents/gswt/Project/tubes-sisdig/tubes-sisdig-2023/src/vhdl/mux_4in.vhd Line: 21
Warning (14026): LATCH primitive "xtea_engine:xtea_engine1|mux_4in:key_mux|o_data[22]" is permanently enabled File: C:/Users/goldw/Documents/gswt/Project/tubes-sisdig/tubes-sisdig-2023/src/vhdl/mux_4in.vhd Line: 21
Warning (14026): LATCH primitive "xtea_engine:xtea_engine1|mux_4in:key_mux|o_data[23]" is permanently enabled File: C:/Users/goldw/Documents/gswt/Project/tubes-sisdig/tubes-sisdig-2023/src/vhdl/mux_4in.vhd Line: 21
Warning (14026): LATCH primitive "xtea_engine:xtea_engine1|mux_4in:key_mux|o_data[24]" is permanently enabled File: C:/Users/goldw/Documents/gswt/Project/tubes-sisdig/tubes-sisdig-2023/src/vhdl/mux_4in.vhd Line: 21
Warning (14026): LATCH primitive "xtea_engine:xtea_engine1|mux_4in:key_mux|o_data[25]" is permanently enabled File: C:/Users/goldw/Documents/gswt/Project/tubes-sisdig/tubes-sisdig-2023/src/vhdl/mux_4in.vhd Line: 21
Warning (14026): LATCH primitive "xtea_engine:xtea_engine1|mux_4in:key_mux|o_data[26]" is permanently enabled File: C:/Users/goldw/Documents/gswt/Project/tubes-sisdig/tubes-sisdig-2023/src/vhdl/mux_4in.vhd Line: 21
Warning (14026): LATCH primitive "xtea_engine:xtea_engine1|mux_4in:key_mux|o_data[27]" is permanently enabled File: C:/Users/goldw/Documents/gswt/Project/tubes-sisdig/tubes-sisdig-2023/src/vhdl/mux_4in.vhd Line: 21
Warning (14026): LATCH primitive "xtea_engine:xtea_engine1|mux_4in:key_mux|o_data[28]" is permanently enabled File: C:/Users/goldw/Documents/gswt/Project/tubes-sisdig/tubes-sisdig-2023/src/vhdl/mux_4in.vhd Line: 21
Warning (14026): LATCH primitive "xtea_engine:xtea_engine1|mux_4in:key_mux|o_data[29]" is permanently enabled File: C:/Users/goldw/Documents/gswt/Project/tubes-sisdig/tubes-sisdig-2023/src/vhdl/mux_4in.vhd Line: 21
Warning (14026): LATCH primitive "xtea_engine:xtea_engine1|mux_4in:key_mux|o_data[30]" is permanently enabled File: C:/Users/goldw/Documents/gswt/Project/tubes-sisdig/tubes-sisdig-2023/src/vhdl/mux_4in.vhd Line: 21
Warning (14026): LATCH primitive "xtea_engine:xtea_engine1|mux_4in:key_mux|o_data[31]" is permanently enabled File: C:/Users/goldw/Documents/gswt/Project/tubes-sisdig/tubes-sisdig-2023/src/vhdl/mux_4in.vhd Line: 21
Info (13000): Registers with preset signals will power-up high File: C:/Users/goldw/Documents/gswt/Project/tubes-sisdig/tubes-sisdig-2023/src/vhdl/my_uart_tx.vhd Line: 83
Info (13003): DEV_CLRn pin will set, and not reset, register with preset signal due to NOT Gate Push-Back
Warning (13024): Output pins are stuck at VCC or GND
    Warning (13410): Pin "Digit_SS[0]" is stuck at GND File: C:/Users/goldw/Documents/gswt/Project/tubes-sisdig/tubes-sisdig-2023/src/vhdl/top_level.vhd Line: 11
    Warning (13410): Pin "Digit_SS[1]" is stuck at GND File: C:/Users/goldw/Documents/gswt/Project/tubes-sisdig/tubes-sisdig-2023/src/vhdl/top_level.vhd Line: 11
    Warning (13410): Pin "Digit_SS[2]" is stuck at GND File: C:/Users/goldw/Documents/gswt/Project/tubes-sisdig/tubes-sisdig-2023/src/vhdl/top_level.vhd Line: 11
    Warning (13410): Pin "Digit_SS[3]" is stuck at GND File: C:/Users/goldw/Documents/gswt/Project/tubes-sisdig/tubes-sisdig-2023/src/vhdl/top_level.vhd Line: 11
Info (286030): Timing-Driven Synthesis is running
Info (17049): 2 registers lost all their fanouts during netlist optimizations.
Info (16010): Generating hard_block partition "hard_block:auto_generated_inst"
    Info (16011): Adding 0 node(s), including 0 DDIO, 0 PLL, 0 transceiver and 0 LCELL
Warning (21074): Design contains 1 input pin(s) that do not drive logic
    Warning (15610): No output dependent on input pin "button" File: C:/Users/goldw/Documents/gswt/Project/tubes-sisdig/tubes-sisdig-2023/src/vhdl/top_level.vhd Line: 9
Info (21057): Implemented 1095 device resources after synthesis - the final resource count might be different
    Info (21058): Implemented 4 input pins
    Info (21059): Implemented 14 output pins
    Info (21061): Implemented 1077 logic cells
Info: Quartus Prime Analysis & Synthesis was successful. 0 errors, 46 warnings
    Info: Peak virtual memory: 4894 megabytes
    Info: Processing ended: Tue Dec 12 07:28:56 2023
    Info: Elapsed time: 00:00:09
    Info: Total CPU time (on all processors): 00:00:10


