Analysis & Synthesis report for tubes-sisdig
Wed Dec  6 03:54:53 2023
Quartus Prime Version 22.1std.2 Build 922 07/20/2023 SC Lite Edition


---------------------
; Table of Contents ;
---------------------
  1. Legal Notice
  2. Analysis & Synthesis Summary
  3. Analysis & Synthesis Settings
  4. Parallel Compilation
  5. Analysis & Synthesis Source Files Read
  6. Analysis & Synthesis Resource Usage Summary
  7. Analysis & Synthesis Resource Utilization by Entity
  8. State Machine - |xtea_engine|xtea_engine_fsm:fsm|currentState
  9. User-Specified and Inferred Latches
 10. Registers Removed During Synthesis
 11. General Register Statistics
 12. Multiplexer Restructuring Statistics (Restructuring Performed)
 13. Parameter Settings for User Entity Instance: xtea_engine_fsm:fsm
 14. Parameter Settings for User Entity Instance: mux_2in:v0_mux
 15. Parameter Settings for User Entity Instance: mux_2in:v1_mux
 16. Parameter Settings for User Entity Instance: mux_2in:op_mux
 17. Parameter Settings for User Entity Instance: mux_2in:op_mux2
 18. Parameter Settings for User Entity Instance: mux_2in:first_sum_mux
 19. Parameter Settings for User Entity Instance: mux_2in:sum_mux
 20. Parameter Settings for User Entity Instance: mux_2in:sum_delta_mux
 21. Parameter Settings for User Entity Instance: mux_2in:key_sel_mux
 22. Parameter Settings for User Entity Instance: mux_4in:key_mux
 23. Parameter Settings for User Entity Instance: mux_2in:to_reg_mux
 24. Port Connectivity Checks: "mux_2in:key_sel_mux"
 25. Port Connectivity Checks: "mux_2in:first_sum_mux"
 26. Post-Synthesis Netlist Statistics for Top Partition
 27. Elapsed Time Per Partition
 28. Analysis & Synthesis Messages



----------------
; Legal Notice ;
----------------
Copyright (C) 2023  Intel Corporation. All rights reserved.
Your use of Intel Corporation's design tools, logic functions 
and other software and tools, and any partner logic 
functions, and any output files from any of the foregoing 
(including device programming or simulation files), and any 
associated documentation or information are expressly subject 
to the terms and conditions of the Intel Program License 
Subscription Agreement, the Intel Quartus Prime License Agreement,
the Intel FPGA IP License Agreement, or other applicable license
agreement, including, without limitation, that your use is for
the sole purpose of programming logic devices manufactured by
Intel and sold by Intel or its authorized distributors.  Please
refer to the applicable agreement for further details, at
https://fpgasoftware.intel.com/eula.



+----------------------------------------------------------------------------------+
; Analysis & Synthesis Summary                                                     ;
+---------------------------------+------------------------------------------------+
; Analysis & Synthesis Status     ; Successful - Wed Dec  6 03:54:53 2023          ;
; Quartus Prime Version           ; 22.1std.2 Build 922 07/20/2023 SC Lite Edition ;
; Revision Name                   ; tubes-sisdig                                   ;
; Top-level Entity Name           ; xtea_engine                                    ;
; Family                          ; Cyclone V                                      ;
; Logic utilization (in ALMs)     ; N/A                                            ;
; Total registers                 ; 167                                            ;
; Total pins                      ; 261                                            ;
; Total virtual pins              ; 0                                              ;
; Total block memory bits         ; 0                                              ;
; Total DSP Blocks                ; 0                                              ;
; Total HSSI RX PCSs              ; 0                                              ;
; Total HSSI PMA RX Deserializers ; 0                                              ;
; Total HSSI TX PCSs              ; 0                                              ;
; Total HSSI PMA TX Serializers   ; 0                                              ;
; Total PLLs                      ; 0                                              ;
; Total DLLs                      ; 0                                              ;
+---------------------------------+------------------------------------------------+


+---------------------------------------------------------------------------------------------------------------------------+
; Analysis & Synthesis Settings                                                                                             ;
+---------------------------------------------------------------------------------+--------------------+--------------------+
; Option                                                                          ; Setting            ; Default Value      ;
+---------------------------------------------------------------------------------+--------------------+--------------------+
; Device                                                                          ; 5CGXFC7C7F23C8     ;                    ;
; Top-level entity name                                                           ; xtea_engine        ; tubes-sisdig       ;
; Family name                                                                     ; Cyclone V          ; Cyclone V          ;
; Use smart compilation                                                           ; Off                ; Off                ;
; Enable parallel Assembler and Timing Analyzer during compilation                ; On                 ; On                 ;
; Enable compact report table                                                     ; Off                ; Off                ;
; Restructure Multiplexers                                                        ; Auto               ; Auto               ;
; MLAB Add Timing Constraints For Mixed-Port Feed-Through Mode Setting Don't Care ; Off                ; Off                ;
; Create Debugging Nodes for IP Cores                                             ; Off                ; Off                ;
; Preserve fewer node names                                                       ; On                 ; On                 ;
; Intel FPGA IP Evaluation Mode                                                   ; Enable             ; Enable             ;
; Verilog Version                                                                 ; Verilog_2001       ; Verilog_2001       ;
; VHDL Version                                                                    ; VHDL_1993          ; VHDL_1993          ;
; State Machine Processing                                                        ; Auto               ; Auto               ;
; Safe State Machine                                                              ; Off                ; Off                ;
; Extract Verilog State Machines                                                  ; On                 ; On                 ;
; Extract VHDL State Machines                                                     ; On                 ; On                 ;
; Ignore Verilog initial constructs                                               ; Off                ; Off                ;
; Iteration limit for constant Verilog loops                                      ; 5000               ; 5000               ;
; Iteration limit for non-constant Verilog loops                                  ; 250                ; 250                ;
; Add Pass-Through Logic to Inferred RAMs                                         ; On                 ; On                 ;
; Infer RAMs from Raw Logic                                                       ; On                 ; On                 ;
; Parallel Synthesis                                                              ; On                 ; On                 ;
; DSP Block Balancing                                                             ; Auto               ; Auto               ;
; NOT Gate Push-Back                                                              ; On                 ; On                 ;
; Power-Up Don't Care                                                             ; On                 ; On                 ;
; Remove Redundant Logic Cells                                                    ; Off                ; Off                ;
; Remove Duplicate Registers                                                      ; On                 ; On                 ;
; Ignore CARRY Buffers                                                            ; Off                ; Off                ;
; Ignore CASCADE Buffers                                                          ; Off                ; Off                ;
; Ignore GLOBAL Buffers                                                           ; Off                ; Off                ;
; Ignore ROW GLOBAL Buffers                                                       ; Off                ; Off                ;
; Ignore LCELL Buffers                                                            ; Off                ; Off                ;
; Ignore SOFT Buffers                                                             ; On                 ; On                 ;
; Limit AHDL Integers to 32 Bits                                                  ; Off                ; Off                ;
; Optimization Technique                                                          ; Balanced           ; Balanced           ;
; Carry Chain Length                                                              ; 70                 ; 70                 ;
; Auto Carry Chains                                                               ; On                 ; On                 ;
; Auto Open-Drain Pins                                                            ; On                 ; On                 ;
; Perform WYSIWYG Primitive Resynthesis                                           ; Off                ; Off                ;
; Auto ROM Replacement                                                            ; On                 ; On                 ;
; Auto RAM Replacement                                                            ; On                 ; On                 ;
; Auto DSP Block Replacement                                                      ; On                 ; On                 ;
; Auto Shift Register Replacement                                                 ; Auto               ; Auto               ;
; Allow Shift Register Merging across Hierarchies                                 ; Auto               ; Auto               ;
; Auto Clock Enable Replacement                                                   ; On                 ; On                 ;
; Strict RAM Replacement                                                          ; Off                ; Off                ;
; Allow Synchronous Control Signals                                               ; On                 ; On                 ;
; Force Use of Synchronous Clear Signals                                          ; Off                ; Off                ;
; Auto Resource Sharing                                                           ; Off                ; Off                ;
; Allow Any RAM Size For Recognition                                              ; Off                ; Off                ;
; Allow Any ROM Size For Recognition                                              ; Off                ; Off                ;
; Allow Any Shift Register Size For Recognition                                   ; Off                ; Off                ;
; Use LogicLock Constraints during Resource Balancing                             ; On                 ; On                 ;
; Ignore translate_off and synthesis_off directives                               ; Off                ; Off                ;
; Timing-Driven Synthesis                                                         ; On                 ; On                 ;
; Report Parameter Settings                                                       ; On                 ; On                 ;
; Report Source Assignments                                                       ; On                 ; On                 ;
; Report Connectivity Checks                                                      ; On                 ; On                 ;
; Ignore Maximum Fan-Out Assignments                                              ; Off                ; Off                ;
; Synchronization Register Chain Length                                           ; 3                  ; 3                  ;
; Power Optimization During Synthesis                                             ; Normal compilation ; Normal compilation ;
; HDL message level                                                               ; Level2             ; Level2             ;
; Suppress Register Optimization Related Messages                                 ; Off                ; Off                ;
; Number of Removed Registers Reported in Synthesis Report                        ; 5000               ; 5000               ;
; Number of Swept Nodes Reported in Synthesis Report                              ; 5000               ; 5000               ;
; Number of Inverted Registers Reported in Synthesis Report                       ; 100                ; 100                ;
; Clock MUX Protection                                                            ; On                 ; On                 ;
; Auto Gated Clock Conversion                                                     ; Off                ; Off                ;
; Block Design Naming                                                             ; Auto               ; Auto               ;
; SDC constraint protection                                                       ; Off                ; Off                ;
; Synthesis Effort                                                                ; Auto               ; Auto               ;
; Shift Register Replacement - Allow Asynchronous Clear Signal                    ; On                 ; On                 ;
; Pre-Mapping Resynthesis Optimization                                            ; Off                ; Off                ;
; Analysis & Synthesis Message Level                                              ; Medium             ; Medium             ;
; Disable Register Merging Across Hierarchies                                     ; Auto               ; Auto               ;
; Resource Aware Inference For Block RAM                                          ; On                 ; On                 ;
; Automatic Parallel Synthesis                                                    ; On                 ; On                 ;
; Partial Reconfiguration Bitstream ID                                            ; Off                ; Off                ;
+---------------------------------------------------------------------------------+--------------------+--------------------+


+------------------------------------------+
; Parallel Compilation                     ;
+----------------------------+-------------+
; Processors                 ; Number      ;
+----------------------------+-------------+
; Number detected on machine ; 16          ;
; Maximum allowed            ; 16          ;
;                            ;             ;
; Average used               ; 1.00        ;
; Maximum used               ; 16          ;
;                            ;             ;
; Usage by Processor         ; % Time Used ;
;     Processor 1            ; 100.0%      ;
;     Processors 2-16        ;   0.0%      ;
+----------------------------+-------------+


+------------------------------------------------------------------------------------------------------------------------------------------------------------------------------------+
; Analysis & Synthesis Source Files Read                                                                                                                                             ;
+----------------------------------+-----------------+-----------------+---------------------------------------------------------------------------------------------------+---------+
; File Name with User-Entered Path ; Used in Netlist ; File Type       ; File Name with Absolute Path                                                                      ; Library ;
+----------------------------------+-----------------+-----------------+---------------------------------------------------------------------------------------------------+---------+
; ../src/vhdl/xtea_engine_fsm.vhd  ; yes             ; User VHDL File  ; C:/Users/goldw/Documents/gswt/Project/tubes-sisdig/tubes-sisdig-2023/src/vhdl/xtea_engine_fsm.vhd ;         ;
; ../src/vhdl/xtea_engine.vhd      ; yes             ; User VHDL File  ; C:/Users/goldw/Documents/gswt/Project/tubes-sisdig/tubes-sisdig-2023/src/vhdl/xtea_engine.vhd     ;         ;
; ../src/vhdl/register32.vhd       ; yes             ; User VHDL File  ; C:/Users/goldw/Documents/gswt/Project/tubes-sisdig/tubes-sisdig-2023/src/vhdl/register32.vhd      ;         ;
; ../src/vhdl/mux_4in.vhd          ; yes             ; User VHDL File  ; C:/Users/goldw/Documents/gswt/Project/tubes-sisdig/tubes-sisdig-2023/src/vhdl/mux_4in.vhd         ;         ;
; ../src/vhdl/mux_2in.vhd          ; yes             ; User VHDL File  ; C:/Users/goldw/Documents/gswt/Project/tubes-sisdig/tubes-sisdig-2023/src/vhdl/mux_2in.vhd         ;         ;
+----------------------------------+-----------------+-----------------+---------------------------------------------------------------------------------------------------+---------+


+-----------------------------------------------------------+
; Analysis & Synthesis Resource Usage Summary               ;
+---------------------------------------------+-------------+
; Resource                                    ; Usage       ;
+---------------------------------------------+-------------+
; Estimate of Logic utilization (ALMs needed) ; 190         ;
;                                             ;             ;
; Combinational ALUT usage for logic          ; 323         ;
;     -- 7 input functions                    ; 0           ;
;     -- 6 input functions                    ; 37          ;
;     -- 5 input functions                    ; 53          ;
;     -- 4 input functions                    ; 23          ;
;     -- <=3 input functions                  ; 210         ;
;                                             ;             ;
; Dedicated logic registers                   ; 167         ;
;                                             ;             ;
; I/O pins                                    ; 261         ;
;                                             ;             ;
; Total DSP Blocks                            ; 0           ;
;                                             ;             ;
; Maximum fan-out node                        ; i_clk~input ;
; Maximum fan-out                             ; 167         ;
; Total fan-out                               ; 2181        ;
; Average fan-out                             ; 2.16        ;
+---------------------------------------------+-------------+


+---------------------------------------------------------------------------------------------------------------------------------------------------------------------------------------------------------+
; Analysis & Synthesis Resource Utilization by Entity                                                                                                                                                     ;
+----------------------------+---------------------+---------------------------+-------------------+------------+------+--------------+----------------------------------+-----------------+--------------+
; Compilation Hierarchy Node ; Combinational ALUTs ; Dedicated Logic Registers ; Block Memory Bits ; DSP Blocks ; Pins ; Virtual Pins ; Full Hierarchy Name              ; Entity Name     ; Library Name ;
+----------------------------+---------------------+---------------------------+-------------------+------------+------+--------------+----------------------------------+-----------------+--------------+
; |xtea_engine               ; 323 (170)           ; 167 (0)                   ; 0                 ; 0          ; 261  ; 0            ; |xtea_engine                     ; xtea_engine     ; work         ;
;    |mux_2in:op_mux2|       ; 2 (2)               ; 0 (0)                     ; 0                 ; 0          ; 0    ; 0            ; |xtea_engine|mux_2in:op_mux2     ; mux_2in         ; work         ;
;    |mux_2in:op_mux|        ; 26 (26)             ; 0 (0)                     ; 0                 ; 0          ; 0    ; 0            ; |xtea_engine|mux_2in:op_mux      ; mux_2in         ; work         ;
;    |mux_4in:key_mux|       ; 34 (34)             ; 0 (0)                     ; 0                 ; 0          ; 0    ; 0            ; |xtea_engine|mux_4in:key_mux     ; mux_4in         ; work         ;
;    |register32:out0_reg|   ; 0 (0)               ; 32 (32)                   ; 0                 ; 0          ; 0    ; 0            ; |xtea_engine|register32:out0_reg ; register32      ; work         ;
;    |register32:out1_reg|   ; 0 (0)               ; 32 (32)                   ; 0                 ; 0          ; 0    ; 0            ; |xtea_engine|register32:out1_reg ; register32      ; work         ;
;    |register32:sum_reg|    ; 0 (0)               ; 32 (32)                   ; 0                 ; 0          ; 0    ; 0            ; |xtea_engine|register32:sum_reg  ; register32      ; work         ;
;    |register32:v0_reg|     ; 0 (0)               ; 32 (32)                   ; 0                 ; 0          ; 0    ; 0            ; |xtea_engine|register32:v0_reg   ; register32      ; work         ;
;    |register32:v1_reg|     ; 0 (0)               ; 32 (32)                   ; 0                 ; 0          ; 0    ; 0            ; |xtea_engine|register32:v1_reg   ; register32      ; work         ;
;    |xtea_engine_fsm:fsm|   ; 91 (91)             ; 7 (7)                     ; 0                 ; 0          ; 0    ; 0            ; |xtea_engine|xtea_engine_fsm:fsm ; xtea_engine_fsm ; work         ;
+----------------------------+---------------------+---------------------------+-------------------+------------+------+--------------+----------------------------------+-----------------+--------------+
Note: For table entries with two numbers listed, the numbers in parentheses indicate the number of resources of the given type used by the specific entity alone. The numbers listed outside of parentheses indicate the total resources of the given type used by the specific entity and all of its sub-entities in the hierarchy.


Encoding Type:  One-Hot
+-----------------------------------------------------------------------------------------------------------------------------------------------------------------------------------------------------------+
; State Machine - |xtea_engine|xtea_engine_fsm:fsm|currentState                                                                                                                                             ;
+------------------------+---------------------+------------------------+--------------------+---------------------+---------------------+---------------------+------------------------+-------------------+
; Name                   ; currentState.s_done ; currentState.s_op_done ; currentState.s_sum ; currentState.s_op_1 ; currentState.s_op_0 ; currentState.s_load ; currentState.s_waiting ; currentState.init ;
+------------------------+---------------------+------------------------+--------------------+---------------------+---------------------+---------------------+------------------------+-------------------+
; currentState.init      ; 0                   ; 0                      ; 0                  ; 0                   ; 0                   ; 0                   ; 0                      ; 0                 ;
; currentState.s_waiting ; 0                   ; 0                      ; 0                  ; 0                   ; 0                   ; 0                   ; 1                      ; 1                 ;
; currentState.s_load    ; 0                   ; 0                      ; 0                  ; 0                   ; 0                   ; 1                   ; 0                      ; 1                 ;
; currentState.s_op_0    ; 0                   ; 0                      ; 0                  ; 0                   ; 1                   ; 0                   ; 0                      ; 1                 ;
; currentState.s_op_1    ; 0                   ; 0                      ; 0                  ; 1                   ; 0                   ; 0                   ; 0                      ; 1                 ;
; currentState.s_sum     ; 0                   ; 0                      ; 1                  ; 0                   ; 0                   ; 0                   ; 0                      ; 1                 ;
; currentState.s_op_done ; 0                   ; 1                      ; 0                  ; 0                   ; 0                   ; 0                   ; 0                      ; 1                 ;
; currentState.s_done    ; 1                   ; 0                      ; 0                  ; 0                   ; 0                   ; 0                   ; 0                      ; 1                 ;
+------------------------+---------------------+------------------------+--------------------+---------------------+---------------------+---------------------+------------------------+-------------------+


+---------------------------------------------------------------------------------------------------------------------------+
; User-Specified and Inferred Latches                                                                                       ;
+-----------------------------------------------------+--------------------------------------------+------------------------+
; Latch Name                                          ; Latch Enable Signal                        ; Free of Timing Hazards ;
+-----------------------------------------------------+--------------------------------------------+------------------------+
; xtea_engine_fsm:fsm|done                            ; xtea_engine_fsm:fsm|currentState.init      ; yes                    ;
; xtea_engine_fsm:fsm|en_v0                           ; xtea_engine_fsm:fsm|operation              ; yes                    ;
; xtea_engine_fsm:fsm|en_v1                           ; xtea_engine_fsm:fsm|operation              ; yes                    ;
; xtea_engine_fsm:fsm|nextState.s_done_635            ; xtea_engine_fsm:fsm|currentState.s_waiting ; yes                    ;
; xtea_engine_fsm:fsm|operation                       ; xtea_engine_fsm:fsm|operation              ; yes                    ;
; xtea_engine_fsm:fsm|count[31]                       ; xtea_engine_fsm:fsm|currentState.s_op_done ; yes                    ;
; xtea_engine_fsm:fsm|count[16]                       ; xtea_engine_fsm:fsm|currentState.s_op_done ; yes                    ;
; xtea_engine_fsm:fsm|count[15]                       ; xtea_engine_fsm:fsm|currentState.s_op_done ; yes                    ;
; xtea_engine_fsm:fsm|count[14]                       ; xtea_engine_fsm:fsm|currentState.s_op_done ; yes                    ;
; xtea_engine_fsm:fsm|count[13]                       ; xtea_engine_fsm:fsm|currentState.s_op_done ; yes                    ;
; xtea_engine_fsm:fsm|count[12]                       ; xtea_engine_fsm:fsm|currentState.s_op_done ; yes                    ;
; xtea_engine_fsm:fsm|count[11]                       ; xtea_engine_fsm:fsm|currentState.s_op_done ; yes                    ;
; xtea_engine_fsm:fsm|count[10]                       ; xtea_engine_fsm:fsm|currentState.s_op_done ; yes                    ;
; xtea_engine_fsm:fsm|count[9]                        ; xtea_engine_fsm:fsm|currentState.s_op_done ; yes                    ;
; xtea_engine_fsm:fsm|count[8]                        ; xtea_engine_fsm:fsm|currentState.s_op_done ; yes                    ;
; xtea_engine_fsm:fsm|count[7]                        ; xtea_engine_fsm:fsm|currentState.s_op_done ; yes                    ;
; xtea_engine_fsm:fsm|count[6]                        ; xtea_engine_fsm:fsm|currentState.s_op_done ; yes                    ;
; xtea_engine_fsm:fsm|count[5]                        ; xtea_engine_fsm:fsm|currentState.s_op_done ; yes                    ;
; xtea_engine_fsm:fsm|count[18]                       ; xtea_engine_fsm:fsm|currentState.s_op_done ; yes                    ;
; xtea_engine_fsm:fsm|count[19]                       ; xtea_engine_fsm:fsm|currentState.s_op_done ; yes                    ;
; xtea_engine_fsm:fsm|count[20]                       ; xtea_engine_fsm:fsm|currentState.s_op_done ; yes                    ;
; xtea_engine_fsm:fsm|count[21]                       ; xtea_engine_fsm:fsm|currentState.s_op_done ; yes                    ;
; xtea_engine_fsm:fsm|count[22]                       ; xtea_engine_fsm:fsm|currentState.s_op_done ; yes                    ;
; xtea_engine_fsm:fsm|count[23]                       ; xtea_engine_fsm:fsm|currentState.s_op_done ; yes                    ;
; xtea_engine_fsm:fsm|count[24]                       ; xtea_engine_fsm:fsm|currentState.s_op_done ; yes                    ;
; xtea_engine_fsm:fsm|count[25]                       ; xtea_engine_fsm:fsm|currentState.s_op_done ; yes                    ;
; xtea_engine_fsm:fsm|count[26]                       ; xtea_engine_fsm:fsm|currentState.s_op_done ; yes                    ;
; xtea_engine_fsm:fsm|count[27]                       ; xtea_engine_fsm:fsm|currentState.s_op_done ; yes                    ;
; xtea_engine_fsm:fsm|count[28]                       ; xtea_engine_fsm:fsm|currentState.s_op_done ; yes                    ;
; xtea_engine_fsm:fsm|count[29]                       ; xtea_engine_fsm:fsm|currentState.s_op_done ; yes                    ;
; xtea_engine_fsm:fsm|count[30]                       ; xtea_engine_fsm:fsm|currentState.s_op_done ; yes                    ;
; xtea_engine_fsm:fsm|count[17]                       ; xtea_engine_fsm:fsm|currentState.s_op_done ; yes                    ;
; xtea_engine_fsm:fsm|nextState.s_op_1_662            ; xtea_engine_fsm:fsm|currentState.s_waiting ; yes                    ;
; xtea_engine_fsm:fsm|nextState.s_sum_653             ; xtea_engine_fsm:fsm|currentState.s_waiting ; yes                    ;
; xtea_engine_fsm:fsm|nextState.s_op_done_644         ; xtea_engine_fsm:fsm|currentState.s_waiting ; yes                    ;
; xtea_engine_fsm:fsm|nextState.s_waiting_686         ; xtea_engine_fsm:fsm|currentState.s_waiting ; yes                    ;
; xtea_engine_fsm:fsm|nextState.s_op_0_671            ; xtea_engine_fsm:fsm|currentState.s_waiting ; yes                    ;
; xtea_engine_fsm:fsm|en_sum                          ; xtea_engine_fsm:fsm|operation              ; yes                    ;
; xtea_engine_fsm:fsm|count[4]                        ; xtea_engine_fsm:fsm|currentState.s_op_done ; yes                    ;
; xtea_engine_fsm:fsm|count[3]                        ; xtea_engine_fsm:fsm|currentState.s_op_done ; yes                    ;
; xtea_engine_fsm:fsm|count[2]                        ; xtea_engine_fsm:fsm|currentState.s_op_done ; yes                    ;
; xtea_engine_fsm:fsm|count[1]                        ; xtea_engine_fsm:fsm|currentState.s_op_done ; yes                    ;
; xtea_engine_fsm:fsm|count[0]                        ; xtea_engine_fsm:fsm|currentState.s_op_done ; yes                    ;
; Number of user-specified and inferred latches = 43  ;                                            ;                        ;
+-----------------------------------------------------+--------------------------------------------+------------------------+
Note: All latches listed above may not be present at the end of synthesis due to various synthesis optimizations.


+--------------------------------------------------------------+
; Registers Removed During Synthesis                           ;
+-----------------------------------------+--------------------+
; Register name                           ; Reason for Removal ;
+-----------------------------------------+--------------------+
; xtea_engine_fsm:fsm|currentState.s_load ; Lost fanout        ;
; Total Number of Removed Registers = 1   ;                    ;
+-----------------------------------------+--------------------+


+------------------------------------------------------+
; General Register Statistics                          ;
+----------------------------------------------+-------+
; Statistic                                    ; Value ;
+----------------------------------------------+-------+
; Total registers                              ; 167   ;
; Number of registers using Synchronous Clear  ; 0     ;
; Number of registers using Synchronous Load   ; 0     ;
; Number of registers using Asynchronous Clear ; 167   ;
; Number of registers using Asynchronous Load  ; 0     ;
; Number of registers using Clock Enable       ; 160   ;
; Number of registers using Preset             ; 0     ;
+----------------------------------------------+-------+


+-----------------------------------------------------------------------------------------------------------------------------------------------------------+
; Multiplexer Restructuring Statistics (Restructuring Performed)                                                                                            ;
+--------------------+-----------+---------------+----------------------+------------------------+------------+---------------------------------------------+
; Multiplexer Inputs ; Bus Width ; Baseline Area ; Area if Restructured ; Saving if Restructured ; Registered ; Example Multiplexer Output                  ;
+--------------------+-----------+---------------+----------------------+------------------------+------------+---------------------------------------------+
; 4:1                ; 32 bits   ; 64 LEs        ; 64 LEs               ; 0 LEs                  ; No         ; |xtea_engine|mux_4in:key_mux|o_data[16]     ;
; 5:1                ; 2 bits    ; 6 LEs         ; 6 LEs                ; 0 LEs                  ; No         ; |xtea_engine|xtea_engine_fsm:fsm|Selector52 ;
+--------------------+-----------+---------------+----------------------+------------------------+------------+---------------------------------------------+


+------------------------------------------------------------------+
; Parameter Settings for User Entity Instance: xtea_engine_fsm:fsm ;
+----------------+-------+-----------------------------------------+
; Parameter Name ; Value ; Type                                    ;
+----------------+-------+-----------------------------------------+
; num_rounds     ; 32    ; Signed Integer                          ;
+----------------+-------+-----------------------------------------+
Note: In order to hide this table in the UI and the text report file, please set the "Show Parameter Settings in Synthesis Report" option in "Analysis and Synthesis Settings -> More Settings" to "Off".


+-------------------------------------------------------------+
; Parameter Settings for User Entity Instance: mux_2in:v0_mux ;
+----------------+-------+------------------------------------+
; Parameter Name ; Value ; Type                               ;
+----------------+-------+------------------------------------+
; n              ; 32    ; Signed Integer                     ;
+----------------+-------+------------------------------------+
Note: In order to hide this table in the UI and the text report file, please set the "Show Parameter Settings in Synthesis Report" option in "Analysis and Synthesis Settings -> More Settings" to "Off".


+-------------------------------------------------------------+
; Parameter Settings for User Entity Instance: mux_2in:v1_mux ;
+----------------+-------+------------------------------------+
; Parameter Name ; Value ; Type                               ;
+----------------+-------+------------------------------------+
; n              ; 32    ; Signed Integer                     ;
+----------------+-------+------------------------------------+
Note: In order to hide this table in the UI and the text report file, please set the "Show Parameter Settings in Synthesis Report" option in "Analysis and Synthesis Settings -> More Settings" to "Off".


+-------------------------------------------------------------+
; Parameter Settings for User Entity Instance: mux_2in:op_mux ;
+----------------+-------+------------------------------------+
; Parameter Name ; Value ; Type                               ;
+----------------+-------+------------------------------------+
; n              ; 32    ; Signed Integer                     ;
+----------------+-------+------------------------------------+
Note: In order to hide this table in the UI and the text report file, please set the "Show Parameter Settings in Synthesis Report" option in "Analysis and Synthesis Settings -> More Settings" to "Off".


+--------------------------------------------------------------+
; Parameter Settings for User Entity Instance: mux_2in:op_mux2 ;
+----------------+-------+-------------------------------------+
; Parameter Name ; Value ; Type                                ;
+----------------+-------+-------------------------------------+
; n              ; 32    ; Signed Integer                      ;
+----------------+-------+-------------------------------------+
Note: In order to hide this table in the UI and the text report file, please set the "Show Parameter Settings in Synthesis Report" option in "Analysis and Synthesis Settings -> More Settings" to "Off".


+--------------------------------------------------------------------+
; Parameter Settings for User Entity Instance: mux_2in:first_sum_mux ;
+----------------+-------+-------------------------------------------+
; Parameter Name ; Value ; Type                                      ;
+----------------+-------+-------------------------------------------+
; n              ; 32    ; Signed Integer                            ;
+----------------+-------+-------------------------------------------+
Note: In order to hide this table in the UI and the text report file, please set the "Show Parameter Settings in Synthesis Report" option in "Analysis and Synthesis Settings -> More Settings" to "Off".


+--------------------------------------------------------------+
; Parameter Settings for User Entity Instance: mux_2in:sum_mux ;
+----------------+-------+-------------------------------------+
; Parameter Name ; Value ; Type                                ;
+----------------+-------+-------------------------------------+
; n              ; 32    ; Signed Integer                      ;
+----------------+-------+-------------------------------------+
Note: In order to hide this table in the UI and the text report file, please set the "Show Parameter Settings in Synthesis Report" option in "Analysis and Synthesis Settings -> More Settings" to "Off".


+--------------------------------------------------------------------+
; Parameter Settings for User Entity Instance: mux_2in:sum_delta_mux ;
+----------------+-------+-------------------------------------------+
; Parameter Name ; Value ; Type                                      ;
+----------------+-------+-------------------------------------------+
; n              ; 32    ; Signed Integer                            ;
+----------------+-------+-------------------------------------------+
Note: In order to hide this table in the UI and the text report file, please set the "Show Parameter Settings in Synthesis Report" option in "Analysis and Synthesis Settings -> More Settings" to "Off".


+------------------------------------------------------------------+
; Parameter Settings for User Entity Instance: mux_2in:key_sel_mux ;
+----------------+-------+-----------------------------------------+
; Parameter Name ; Value ; Type                                    ;
+----------------+-------+-----------------------------------------+
; n              ; 32    ; Signed Integer                          ;
+----------------+-------+-----------------------------------------+
Note: In order to hide this table in the UI and the text report file, please set the "Show Parameter Settings in Synthesis Report" option in "Analysis and Synthesis Settings -> More Settings" to "Off".


+--------------------------------------------------------------+
; Parameter Settings for User Entity Instance: mux_4in:key_mux ;
+----------------+-------+-------------------------------------+
; Parameter Name ; Value ; Type                                ;
+----------------+-------+-------------------------------------+
; n              ; 32    ; Signed Integer                      ;
+----------------+-------+-------------------------------------+
Note: In order to hide this table in the UI and the text report file, please set the "Show Parameter Settings in Synthesis Report" option in "Analysis and Synthesis Settings -> More Settings" to "Off".


+-----------------------------------------------------------------+
; Parameter Settings for User Entity Instance: mux_2in:to_reg_mux ;
+----------------+-------+----------------------------------------+
; Parameter Name ; Value ; Type                                   ;
+----------------+-------+----------------------------------------+
; n              ; 32    ; Signed Integer                         ;
+----------------+-------+----------------------------------------+
Note: In order to hide this table in the UI and the text report file, please set the "Show Parameter Settings in Synthesis Report" option in "Analysis and Synthesis Settings -> More Settings" to "Off".


+-------------------------------------------------------------------------------------------------------------------------+
; Port Connectivity Checks: "mux_2in:key_sel_mux"                                                                         ;
+---------------+--------+----------+-------------------------------------------------------------------------------------+
; Port          ; Type   ; Severity ; Details                                                                             ;
+---------------+--------+----------+-------------------------------------------------------------------------------------+
; i_1[31..21]   ; Input  ; Info     ; Stuck at GND                                                                        ;
; o_data[31..2] ; Output ; Info     ; Connected to dangling logic. Logic that only feeds a dangling port will be removed. ;
+---------------+--------+----------+-------------------------------------------------------------------------------------+


+---------------------------------------------------+
; Port Connectivity Checks: "mux_2in:first_sum_mux" ;
+-------------+-------+----------+------------------+
; Port        ; Type  ; Severity ; Details          ;
+-------------+-------+----------+------------------+
; i_0[31..30] ; Input ; Info     ; Stuck at VCC     ;
; i_0[26..25] ; Input ; Info     ; Stuck at VCC     ;
; i_0[23..21] ; Input ; Info     ; Stuck at VCC     ;
; i_0[19..16] ; Input ; Info     ; Stuck at VCC     ;
; i_0[13..12] ; Input ; Info     ; Stuck at VCC     ;
; i_0[10..8]  ; Input ; Info     ; Stuck at VCC     ;
; i_0[29..27] ; Input ; Info     ; Stuck at GND     ;
; i_0[15..14] ; Input ; Info     ; Stuck at GND     ;
; i_0[7..6]   ; Input ; Info     ; Stuck at GND     ;
; i_0[4..0]   ; Input ; Info     ; Stuck at GND     ;
; i_0[24]     ; Input ; Info     ; Stuck at GND     ;
; i_0[20]     ; Input ; Info     ; Stuck at GND     ;
; i_0[11]     ; Input ; Info     ; Stuck at GND     ;
; i_0[5]      ; Input ; Info     ; Stuck at VCC     ;
; i_1         ; Input ; Info     ; Stuck at GND     ;
+-------------+-------+----------+------------------+


+-----------------------------------------------------+
; Post-Synthesis Netlist Statistics for Top Partition ;
+-----------------------+-----------------------------+
; Type                  ; Count                       ;
+-----------------------+-----------------------------+
; arriav_ff             ; 167                         ;
;     CLR               ; 7                           ;
;     ENA CLR           ; 160                         ;
; arriav_lcell_comb     ; 323                         ;
;     arith             ; 161                         ;
;         1 data inputs ; 34                          ;
;         2 data inputs ; 63                          ;
;         4 data inputs ; 18                          ;
;         5 data inputs ; 46                          ;
;     normal            ; 162                         ;
;         2 data inputs ; 39                          ;
;         3 data inputs ; 74                          ;
;         4 data inputs ; 5                           ;
;         5 data inputs ; 7                           ;
;         6 data inputs ; 37                          ;
; boundary_port         ; 261                         ;
;                       ;                             ;
; Max LUT depth         ; 8.10                        ;
; Average LUT depth     ; 5.12                        ;
+-----------------------+-----------------------------+


+-------------------------------+
; Elapsed Time Per Partition    ;
+----------------+--------------+
; Partition Name ; Elapsed Time ;
+----------------+--------------+
; Top            ; 00:00:00     ;
+----------------+--------------+


+-------------------------------+
; Analysis & Synthesis Messages ;
+-------------------------------+
Info: *******************************************************************
Info: Running Quartus Prime Analysis & Synthesis
    Info: Version 22.1std.2 Build 922 07/20/2023 SC Lite Edition
    Info: Processing started: Wed Dec  6 03:54:42 2023
Info: Command: quartus_map --read_settings_files=on --write_settings_files=off tubes-sisdig -c tubes-sisdig
Warning (18236): Number of processors has not been specified which may cause overloading on shared machines.  Set the global assignment NUM_PARALLEL_PROCESSORS in your QSF to an appropriate value for best performance.
Info (20030): Parallel compilation is enabled and will use 16 of the 16 processors detected
Info (12021): Found 2 design units, including 1 entities, in source file /users/goldw/documents/gswt/project/tubes-sisdig/tubes-sisdig-2023/src/vhdl/xtea_engine_fsm.vhd
    Info (12022): Found design unit 1: xtea_engine_fsm-fsm File: C:/Users/goldw/Documents/gswt/Project/tubes-sisdig/tubes-sisdig-2023/src/vhdl/xtea_engine_fsm.vhd Line: 16
    Info (12023): Found entity 1: xtea_engine_fsm File: C:/Users/goldw/Documents/gswt/Project/tubes-sisdig/tubes-sisdig-2023/src/vhdl/xtea_engine_fsm.vhd Line: 5
Info (12021): Found 2 design units, including 1 entities, in source file /users/goldw/documents/gswt/project/tubes-sisdig/tubes-sisdig-2023/src/vhdl/xtea_engine.vhd
    Info (12022): Found design unit 1: xtea_engine-xtea_engine_arc File: C:/Users/goldw/Documents/gswt/Project/tubes-sisdig/tubes-sisdig-2023/src/vhdl/xtea_engine.vhd Line: 16
    Info (12023): Found entity 1: xtea_engine File: C:/Users/goldw/Documents/gswt/Project/tubes-sisdig/tubes-sisdig-2023/src/vhdl/xtea_engine.vhd Line: 5
Info (12021): Found 2 design units, including 1 entities, in source file /users/goldw/documents/gswt/project/tubes-sisdig/tubes-sisdig-2023/src/vhdl/top_level.vhd
    Info (12022): Found design unit 1: top_level-top_level_arc File: C:/Users/goldw/Documents/gswt/Project/tubes-sisdig/tubes-sisdig-2023/src/vhdl/top_level.vhd Line: 13
    Info (12023): Found entity 1: top_level File: C:/Users/goldw/Documents/gswt/Project/tubes-sisdig/tubes-sisdig-2023/src/vhdl/top_level.vhd Line: 5
Info (12021): Found 2 design units, including 1 entities, in source file /users/goldw/documents/gswt/project/tubes-sisdig/tubes-sisdig-2023/src/vhdl/speed_select.vhd
    Info (12022): Found design unit 1: speed_select-RTL File: C:/Users/goldw/Documents/gswt/Project/tubes-sisdig/tubes-sisdig-2023/src/vhdl/speed_select.vhd Line: 29
    Info (12023): Found entity 1: speed_select File: C:/Users/goldw/Documents/gswt/Project/tubes-sisdig/tubes-sisdig-2023/src/vhdl/speed_select.vhd Line: 6
Info (12021): Found 2 design units, including 1 entities, in source file /users/goldw/documents/gswt/project/tubes-sisdig/tubes-sisdig-2023/src/vhdl/shift_register.vhd
    Info (12022): Found design unit 1: shift_register-behavioral File: C:/Users/goldw/Documents/gswt/Project/tubes-sisdig/tubes-sisdig-2023/src/vhdl/shift_register.vhd Line: 17
    Info (12023): Found entity 1: shift_register File: C:/Users/goldw/Documents/gswt/Project/tubes-sisdig/tubes-sisdig-2023/src/vhdl/shift_register.vhd Line: 5
Info (12021): Found 2 design units, including 1 entities, in source file /users/goldw/documents/gswt/project/tubes-sisdig/tubes-sisdig-2023/src/vhdl/serialfpga_fsm_tx.vhd
    Info (12022): Found design unit 1: serialFPGA_fsm_tx-behavioral File: C:/Users/goldw/Documents/gswt/Project/tubes-sisdig/tubes-sisdig-2023/src/vhdl/serialFPGA_fsm_tx.vhd Line: 17
    Info (12023): Found entity 1: serialFPGA_fsm_tx File: C:/Users/goldw/Documents/gswt/Project/tubes-sisdig/tubes-sisdig-2023/src/vhdl/serialFPGA_fsm_tx.vhd Line: 5
Info (12021): Found 2 design units, including 1 entities, in source file /users/goldw/documents/gswt/project/tubes-sisdig/tubes-sisdig-2023/src/vhdl/serialfpga_fsm_rx.vhd
    Info (12022): Found design unit 1: serialFPGA_fsm_rx-behavioral File: C:/Users/goldw/Documents/gswt/Project/tubes-sisdig/tubes-sisdig-2023/src/vhdl/serialFPGA_fsm_rx.vhd Line: 17
    Info (12023): Found entity 1: serialFPGA_fsm_rx File: C:/Users/goldw/Documents/gswt/Project/tubes-sisdig/tubes-sisdig-2023/src/vhdl/serialFPGA_fsm_rx.vhd Line: 5
Info (12021): Found 2 design units, including 1 entities, in source file /users/goldw/documents/gswt/project/tubes-sisdig/tubes-sisdig-2023/src/vhdl/serialfpga.vhd
    Info (12022): Found design unit 1: serialFPGA-serialFPGA_arc File: C:/Users/goldw/Documents/gswt/Project/tubes-sisdig/tubes-sisdig-2023/src/vhdl/serialFPGA.vhd Line: 27
    Info (12023): Found entity 1: serialFPGA File: C:/Users/goldw/Documents/gswt/Project/tubes-sisdig/tubes-sisdig-2023/src/vhdl/serialFPGA.vhd Line: 5
Info (12021): Found 2 design units, including 1 entities, in source file /users/goldw/documents/gswt/project/tubes-sisdig/tubes-sisdig-2023/src/vhdl/register32.vhd
    Info (12022): Found design unit 1: register32-behavioral File: C:/Users/goldw/Documents/gswt/Project/tubes-sisdig/tubes-sisdig-2023/src/vhdl/register32.vhd Line: 14
    Info (12023): Found entity 1: register32 File: C:/Users/goldw/Documents/gswt/Project/tubes-sisdig/tubes-sisdig-2023/src/vhdl/register32.vhd Line: 6
Info (12021): Found 2 design units, including 1 entities, in source file /users/goldw/documents/gswt/project/tubes-sisdig/tubes-sisdig-2023/src/vhdl/my_uart_tx.vhd
    Info (12022): Found design unit 1: my_uart_tx-RTL File: C:/Users/goldw/Documents/gswt/Project/tubes-sisdig/tubes-sisdig-2023/src/vhdl/my_uart_tx.vhd Line: 23
    Info (12023): Found entity 1: my_uart_tx File: C:/Users/goldw/Documents/gswt/Project/tubes-sisdig/tubes-sisdig-2023/src/vhdl/my_uart_tx.vhd Line: 9
Info (12021): Found 2 design units, including 1 entities, in source file /users/goldw/documents/gswt/project/tubes-sisdig/tubes-sisdig-2023/src/vhdl/my_uart_top.vhd
    Info (12022): Found design unit 1: my_uart_top-structural File: C:/Users/goldw/Documents/gswt/Project/tubes-sisdig/tubes-sisdig-2023/src/vhdl/my_uart_top.vhd Line: 30
    Info (12023): Found entity 1: my_uart_top File: C:/Users/goldw/Documents/gswt/Project/tubes-sisdig/tubes-sisdig-2023/src/vhdl/my_uart_top.vhd Line: 10
Info (12021): Found 2 design units, including 1 entities, in source file /users/goldw/documents/gswt/project/tubes-sisdig/tubes-sisdig-2023/src/vhdl/my_uart_rx.vhd
    Info (12022): Found design unit 1: my_uart_rx-RTL File: C:/Users/goldw/Documents/gswt/Project/tubes-sisdig/tubes-sisdig-2023/src/vhdl/my_uart_rx.vhd Line: 24
    Info (12023): Found entity 1: my_uart_rx File: C:/Users/goldw/Documents/gswt/Project/tubes-sisdig/tubes-sisdig-2023/src/vhdl/my_uart_rx.vhd Line: 10
Info (12021): Found 2 design units, including 1 entities, in source file /users/goldw/documents/gswt/project/tubes-sisdig/tubes-sisdig-2023/src/vhdl/mux_4in.vhd
    Info (12022): Found design unit 1: mux_4in-behavioral File: C:/Users/goldw/Documents/gswt/Project/tubes-sisdig/tubes-sisdig-2023/src/vhdl/mux_4in.vhd Line: 19
    Info (12023): Found entity 1: mux_4in File: C:/Users/goldw/Documents/gswt/Project/tubes-sisdig/tubes-sisdig-2023/src/vhdl/mux_4in.vhd Line: 4
Info (12021): Found 2 design units, including 1 entities, in source file /users/goldw/documents/gswt/project/tubes-sisdig/tubes-sisdig-2023/src/vhdl/mux_2in.vhd
    Info (12022): Found design unit 1: mux_2in-behavioral File: C:/Users/goldw/Documents/gswt/Project/tubes-sisdig/tubes-sisdig-2023/src/vhdl/mux_2in.vhd Line: 17
    Info (12023): Found entity 1: mux_2in File: C:/Users/goldw/Documents/gswt/Project/tubes-sisdig/tubes-sisdig-2023/src/vhdl/mux_2in.vhd Line: 4
Info (12021): Found 2 design units, including 1 entities, in source file /users/goldw/documents/gswt/project/tubes-sisdig/tubes-sisdig-2023/src/vhdl/demux_4in.vhd
    Info (12022): Found design unit 1: demux_4in-behavioral File: C:/Users/goldw/Documents/gswt/Project/tubes-sisdig/tubes-sisdig-2023/src/vhdl/demux_4in.vhd Line: 19
    Info (12023): Found entity 1: demux_4in File: C:/Users/goldw/Documents/gswt/Project/tubes-sisdig/tubes-sisdig-2023/src/vhdl/demux_4in.vhd Line: 4
Info (12127): Elaborating entity "xtea_engine" for the top level hierarchy
Info (12128): Elaborating entity "xtea_engine_fsm" for hierarchy "xtea_engine_fsm:fsm" File: C:/Users/goldw/Documents/gswt/Project/tubes-sisdig/tubes-sisdig-2023/src/vhdl/xtea_engine.vhd Line: 103
Warning (10492): VHDL Process Statement warning at xtea_engine_fsm.vhd(48): signal "prevStart" is read inside the Process Statement but isn't in the Process Statement's sensitivity list File: C:/Users/goldw/Documents/gswt/Project/tubes-sisdig/tubes-sisdig-2023/src/vhdl/xtea_engine_fsm.vhd Line: 48
Warning (10492): VHDL Process Statement warning at xtea_engine_fsm.vhd(62): signal "ende" is read inside the Process Statement but isn't in the Process Statement's sensitivity list File: C:/Users/goldw/Documents/gswt/Project/tubes-sisdig/tubes-sisdig-2023/src/vhdl/xtea_engine_fsm.vhd Line: 62
Warning (10492): VHDL Process Statement warning at xtea_engine_fsm.vhd(77): signal "count" is read inside the Process Statement but isn't in the Process Statement's sensitivity list File: C:/Users/goldw/Documents/gswt/Project/tubes-sisdig/tubes-sisdig-2023/src/vhdl/xtea_engine_fsm.vhd Line: 77
Warning (10492): VHDL Process Statement warning at xtea_engine_fsm.vhd(78): signal "count" is read inside the Process Statement but isn't in the Process Statement's sensitivity list File: C:/Users/goldw/Documents/gswt/Project/tubes-sisdig/tubes-sisdig-2023/src/vhdl/xtea_engine_fsm.vhd Line: 78
Warning (10492): VHDL Process Statement warning at xtea_engine_fsm.vhd(79): signal "ende" is read inside the Process Statement but isn't in the Process Statement's sensitivity list File: C:/Users/goldw/Documents/gswt/Project/tubes-sisdig/tubes-sisdig-2023/src/vhdl/xtea_engine_fsm.vhd Line: 79
Warning (10492): VHDL Process Statement warning at xtea_engine_fsm.vhd(97): signal "ende" is read inside the Process Statement but isn't in the Process Statement's sensitivity list File: C:/Users/goldw/Documents/gswt/Project/tubes-sisdig/tubes-sisdig-2023/src/vhdl/xtea_engine_fsm.vhd Line: 97
Warning (10492): VHDL Process Statement warning at xtea_engine_fsm.vhd(112): signal "ende" is read inside the Process Statement but isn't in the Process Statement's sensitivity list File: C:/Users/goldw/Documents/gswt/Project/tubes-sisdig/tubes-sisdig-2023/src/vhdl/xtea_engine_fsm.vhd Line: 112
Warning (10492): VHDL Process Statement warning at xtea_engine_fsm.vhd(127): signal "ende" is read inside the Process Statement but isn't in the Process Statement's sensitivity list File: C:/Users/goldw/Documents/gswt/Project/tubes-sisdig/tubes-sisdig-2023/src/vhdl/xtea_engine_fsm.vhd Line: 127
Warning (10631): VHDL Process Statement warning at xtea_engine_fsm.vhd(39): inferring latch(es) for signal or variable "nextState", which holds its previous value in one or more paths through the process File: C:/Users/goldw/Documents/gswt/Project/tubes-sisdig/tubes-sisdig-2023/src/vhdl/xtea_engine_fsm.vhd Line: 39
Warning (10631): VHDL Process Statement warning at xtea_engine_fsm.vhd(39): inferring latch(es) for signal or variable "done", which holds its previous value in one or more paths through the process File: C:/Users/goldw/Documents/gswt/Project/tubes-sisdig/tubes-sisdig-2023/src/vhdl/xtea_engine_fsm.vhd Line: 39
Warning (10631): VHDL Process Statement warning at xtea_engine_fsm.vhd(39): inferring latch(es) for signal or variable "en_v0", which holds its previous value in one or more paths through the process File: C:/Users/goldw/Documents/gswt/Project/tubes-sisdig/tubes-sisdig-2023/src/vhdl/xtea_engine_fsm.vhd Line: 39
Warning (10631): VHDL Process Statement warning at xtea_engine_fsm.vhd(39): inferring latch(es) for signal or variable "en_v1", which holds its previous value in one or more paths through the process File: C:/Users/goldw/Documents/gswt/Project/tubes-sisdig/tubes-sisdig-2023/src/vhdl/xtea_engine_fsm.vhd Line: 39
Warning (10631): VHDL Process Statement warning at xtea_engine_fsm.vhd(39): inferring latch(es) for signal or variable "en_sum", which holds its previous value in one or more paths through the process File: C:/Users/goldw/Documents/gswt/Project/tubes-sisdig/tubes-sisdig-2023/src/vhdl/xtea_engine_fsm.vhd Line: 39
Warning (10631): VHDL Process Statement warning at xtea_engine_fsm.vhd(39): inferring latch(es) for signal or variable "sel_v0", which holds its previous value in one or more paths through the process File: C:/Users/goldw/Documents/gswt/Project/tubes-sisdig/tubes-sisdig-2023/src/vhdl/xtea_engine_fsm.vhd Line: 39
Warning (10631): VHDL Process Statement warning at xtea_engine_fsm.vhd(39): inferring latch(es) for signal or variable "sel_v1", which holds its previous value in one or more paths through the process File: C:/Users/goldw/Documents/gswt/Project/tubes-sisdig/tubes-sisdig-2023/src/vhdl/xtea_engine_fsm.vhd Line: 39
Warning (10631): VHDL Process Statement warning at xtea_engine_fsm.vhd(39): inferring latch(es) for signal or variable "sel_sum", which holds its previous value in one or more paths through the process File: C:/Users/goldw/Documents/gswt/Project/tubes-sisdig/tubes-sisdig-2023/src/vhdl/xtea_engine_fsm.vhd Line: 39
Warning (10631): VHDL Process Statement warning at xtea_engine_fsm.vhd(39): inferring latch(es) for signal or variable "operation", which holds its previous value in one or more paths through the process File: C:/Users/goldw/Documents/gswt/Project/tubes-sisdig/tubes-sisdig-2023/src/vhdl/xtea_engine_fsm.vhd Line: 39
Warning (10631): VHDL Process Statement warning at xtea_engine_fsm.vhd(39): inferring latch(es) for signal or variable "count", which holds its previous value in one or more paths through the process File: C:/Users/goldw/Documents/gswt/Project/tubes-sisdig/tubes-sisdig-2023/src/vhdl/xtea_engine_fsm.vhd Line: 39
Info (10041): Inferred latch for "count[0]" at xtea_engine_fsm.vhd(39) File: C:/Users/goldw/Documents/gswt/Project/tubes-sisdig/tubes-sisdig-2023/src/vhdl/xtea_engine_fsm.vhd Line: 39
Info (10041): Inferred latch for "count[1]" at xtea_engine_fsm.vhd(39) File: C:/Users/goldw/Documents/gswt/Project/tubes-sisdig/tubes-sisdig-2023/src/vhdl/xtea_engine_fsm.vhd Line: 39
Info (10041): Inferred latch for "count[2]" at xtea_engine_fsm.vhd(39) File: C:/Users/goldw/Documents/gswt/Project/tubes-sisdig/tubes-sisdig-2023/src/vhdl/xtea_engine_fsm.vhd Line: 39
Info (10041): Inferred latch for "count[3]" at xtea_engine_fsm.vhd(39) File: C:/Users/goldw/Documents/gswt/Project/tubes-sisdig/tubes-sisdig-2023/src/vhdl/xtea_engine_fsm.vhd Line: 39
Info (10041): Inferred latch for "count[4]" at xtea_engine_fsm.vhd(39) File: C:/Users/goldw/Documents/gswt/Project/tubes-sisdig/tubes-sisdig-2023/src/vhdl/xtea_engine_fsm.vhd Line: 39
Info (10041): Inferred latch for "count[5]" at xtea_engine_fsm.vhd(39) File: C:/Users/goldw/Documents/gswt/Project/tubes-sisdig/tubes-sisdig-2023/src/vhdl/xtea_engine_fsm.vhd Line: 39
Info (10041): Inferred latch for "count[6]" at xtea_engine_fsm.vhd(39) File: C:/Users/goldw/Documents/gswt/Project/tubes-sisdig/tubes-sisdig-2023/src/vhdl/xtea_engine_fsm.vhd Line: 39
Info (10041): Inferred latch for "count[7]" at xtea_engine_fsm.vhd(39) File: C:/Users/goldw/Documents/gswt/Project/tubes-sisdig/tubes-sisdig-2023/src/vhdl/xtea_engine_fsm.vhd Line: 39
Info (10041): Inferred latch for "count[8]" at xtea_engine_fsm.vhd(39) File: C:/Users/goldw/Documents/gswt/Project/tubes-sisdig/tubes-sisdig-2023/src/vhdl/xtea_engine_fsm.vhd Line: 39
Info (10041): Inferred latch for "count[9]" at xtea_engine_fsm.vhd(39) File: C:/Users/goldw/Documents/gswt/Project/tubes-sisdig/tubes-sisdig-2023/src/vhdl/xtea_engine_fsm.vhd Line: 39
Info (10041): Inferred latch for "count[10]" at xtea_engine_fsm.vhd(39) File: C:/Users/goldw/Documents/gswt/Project/tubes-sisdig/tubes-sisdig-2023/src/vhdl/xtea_engine_fsm.vhd Line: 39
Info (10041): Inferred latch for "count[11]" at xtea_engine_fsm.vhd(39) File: C:/Users/goldw/Documents/gswt/Project/tubes-sisdig/tubes-sisdig-2023/src/vhdl/xtea_engine_fsm.vhd Line: 39
Info (10041): Inferred latch for "count[12]" at xtea_engine_fsm.vhd(39) File: C:/Users/goldw/Documents/gswt/Project/tubes-sisdig/tubes-sisdig-2023/src/vhdl/xtea_engine_fsm.vhd Line: 39
Info (10041): Inferred latch for "count[13]" at xtea_engine_fsm.vhd(39) File: C:/Users/goldw/Documents/gswt/Project/tubes-sisdig/tubes-sisdig-2023/src/vhdl/xtea_engine_fsm.vhd Line: 39
Info (10041): Inferred latch for "count[14]" at xtea_engine_fsm.vhd(39) File: C:/Users/goldw/Documents/gswt/Project/tubes-sisdig/tubes-sisdig-2023/src/vhdl/xtea_engine_fsm.vhd Line: 39
Info (10041): Inferred latch for "count[15]" at xtea_engine_fsm.vhd(39) File: C:/Users/goldw/Documents/gswt/Project/tubes-sisdig/tubes-sisdig-2023/src/vhdl/xtea_engine_fsm.vhd Line: 39
Info (10041): Inferred latch for "count[16]" at xtea_engine_fsm.vhd(39) File: C:/Users/goldw/Documents/gswt/Project/tubes-sisdig/tubes-sisdig-2023/src/vhdl/xtea_engine_fsm.vhd Line: 39
Info (10041): Inferred latch for "count[17]" at xtea_engine_fsm.vhd(39) File: C:/Users/goldw/Documents/gswt/Project/tubes-sisdig/tubes-sisdig-2023/src/vhdl/xtea_engine_fsm.vhd Line: 39
Info (10041): Inferred latch for "count[18]" at xtea_engine_fsm.vhd(39) File: C:/Users/goldw/Documents/gswt/Project/tubes-sisdig/tubes-sisdig-2023/src/vhdl/xtea_engine_fsm.vhd Line: 39
Info (10041): Inferred latch for "count[19]" at xtea_engine_fsm.vhd(39) File: C:/Users/goldw/Documents/gswt/Project/tubes-sisdig/tubes-sisdig-2023/src/vhdl/xtea_engine_fsm.vhd Line: 39
Info (10041): Inferred latch for "count[20]" at xtea_engine_fsm.vhd(39) File: C:/Users/goldw/Documents/gswt/Project/tubes-sisdig/tubes-sisdig-2023/src/vhdl/xtea_engine_fsm.vhd Line: 39
Info (10041): Inferred latch for "count[21]" at xtea_engine_fsm.vhd(39) File: C:/Users/goldw/Documents/gswt/Project/tubes-sisdig/tubes-sisdig-2023/src/vhdl/xtea_engine_fsm.vhd Line: 39
Info (10041): Inferred latch for "count[22]" at xtea_engine_fsm.vhd(39) File: C:/Users/goldw/Documents/gswt/Project/tubes-sisdig/tubes-sisdig-2023/src/vhdl/xtea_engine_fsm.vhd Line: 39
Info (10041): Inferred latch for "count[23]" at xtea_engine_fsm.vhd(39) File: C:/Users/goldw/Documents/gswt/Project/tubes-sisdig/tubes-sisdig-2023/src/vhdl/xtea_engine_fsm.vhd Line: 39
Info (10041): Inferred latch for "count[24]" at xtea_engine_fsm.vhd(39) File: C:/Users/goldw/Documents/gswt/Project/tubes-sisdig/tubes-sisdig-2023/src/vhdl/xtea_engine_fsm.vhd Line: 39
Info (10041): Inferred latch for "count[25]" at xtea_engine_fsm.vhd(39) File: C:/Users/goldw/Documents/gswt/Project/tubes-sisdig/tubes-sisdig-2023/src/vhdl/xtea_engine_fsm.vhd Line: 39
Info (10041): Inferred latch for "count[26]" at xtea_engine_fsm.vhd(39) File: C:/Users/goldw/Documents/gswt/Project/tubes-sisdig/tubes-sisdig-2023/src/vhdl/xtea_engine_fsm.vhd Line: 39
Info (10041): Inferred latch for "count[27]" at xtea_engine_fsm.vhd(39) File: C:/Users/goldw/Documents/gswt/Project/tubes-sisdig/tubes-sisdig-2023/src/vhdl/xtea_engine_fsm.vhd Line: 39
Info (10041): Inferred latch for "count[28]" at xtea_engine_fsm.vhd(39) File: C:/Users/goldw/Documents/gswt/Project/tubes-sisdig/tubes-sisdig-2023/src/vhdl/xtea_engine_fsm.vhd Line: 39
Info (10041): Inferred latch for "count[29]" at xtea_engine_fsm.vhd(39) File: C:/Users/goldw/Documents/gswt/Project/tubes-sisdig/tubes-sisdig-2023/src/vhdl/xtea_engine_fsm.vhd Line: 39
Info (10041): Inferred latch for "count[30]" at xtea_engine_fsm.vhd(39) File: C:/Users/goldw/Documents/gswt/Project/tubes-sisdig/tubes-sisdig-2023/src/vhdl/xtea_engine_fsm.vhd Line: 39
Info (10041): Inferred latch for "count[31]" at xtea_engine_fsm.vhd(39) File: C:/Users/goldw/Documents/gswt/Project/tubes-sisdig/tubes-sisdig-2023/src/vhdl/xtea_engine_fsm.vhd Line: 39
Info (10041): Inferred latch for "operation" at xtea_engine_fsm.vhd(39) File: C:/Users/goldw/Documents/gswt/Project/tubes-sisdig/tubes-sisdig-2023/src/vhdl/xtea_engine_fsm.vhd Line: 39
Info (10041): Inferred latch for "sel_sum" at xtea_engine_fsm.vhd(39) File: C:/Users/goldw/Documents/gswt/Project/tubes-sisdig/tubes-sisdig-2023/src/vhdl/xtea_engine_fsm.vhd Line: 39
Info (10041): Inferred latch for "sel_v1" at xtea_engine_fsm.vhd(39) File: C:/Users/goldw/Documents/gswt/Project/tubes-sisdig/tubes-sisdig-2023/src/vhdl/xtea_engine_fsm.vhd Line: 39
Info (10041): Inferred latch for "sel_v0" at xtea_engine_fsm.vhd(39) File: C:/Users/goldw/Documents/gswt/Project/tubes-sisdig/tubes-sisdig-2023/src/vhdl/xtea_engine_fsm.vhd Line: 39
Info (10041): Inferred latch for "en_sum" at xtea_engine_fsm.vhd(39) File: C:/Users/goldw/Documents/gswt/Project/tubes-sisdig/tubes-sisdig-2023/src/vhdl/xtea_engine_fsm.vhd Line: 39
Info (10041): Inferred latch for "en_v1" at xtea_engine_fsm.vhd(39) File: C:/Users/goldw/Documents/gswt/Project/tubes-sisdig/tubes-sisdig-2023/src/vhdl/xtea_engine_fsm.vhd Line: 39
Info (10041): Inferred latch for "en_v0" at xtea_engine_fsm.vhd(39) File: C:/Users/goldw/Documents/gswt/Project/tubes-sisdig/tubes-sisdig-2023/src/vhdl/xtea_engine_fsm.vhd Line: 39
Info (10041): Inferred latch for "done" at xtea_engine_fsm.vhd(39) File: C:/Users/goldw/Documents/gswt/Project/tubes-sisdig/tubes-sisdig-2023/src/vhdl/xtea_engine_fsm.vhd Line: 39
Info (10041): Inferred latch for "nextState.s_done" at xtea_engine_fsm.vhd(39) File: C:/Users/goldw/Documents/gswt/Project/tubes-sisdig/tubes-sisdig-2023/src/vhdl/xtea_engine_fsm.vhd Line: 39
Info (10041): Inferred latch for "nextState.s_op_done" at xtea_engine_fsm.vhd(39) File: C:/Users/goldw/Documents/gswt/Project/tubes-sisdig/tubes-sisdig-2023/src/vhdl/xtea_engine_fsm.vhd Line: 39
Info (10041): Inferred latch for "nextState.s_sum" at xtea_engine_fsm.vhd(39) File: C:/Users/goldw/Documents/gswt/Project/tubes-sisdig/tubes-sisdig-2023/src/vhdl/xtea_engine_fsm.vhd Line: 39
Info (10041): Inferred latch for "nextState.s_op_1" at xtea_engine_fsm.vhd(39) File: C:/Users/goldw/Documents/gswt/Project/tubes-sisdig/tubes-sisdig-2023/src/vhdl/xtea_engine_fsm.vhd Line: 39
Info (10041): Inferred latch for "nextState.s_op_0" at xtea_engine_fsm.vhd(39) File: C:/Users/goldw/Documents/gswt/Project/tubes-sisdig/tubes-sisdig-2023/src/vhdl/xtea_engine_fsm.vhd Line: 39
Info (10041): Inferred latch for "nextState.s_load" at xtea_engine_fsm.vhd(39) File: C:/Users/goldw/Documents/gswt/Project/tubes-sisdig/tubes-sisdig-2023/src/vhdl/xtea_engine_fsm.vhd Line: 39
Info (10041): Inferred latch for "nextState.s_waiting" at xtea_engine_fsm.vhd(39) File: C:/Users/goldw/Documents/gswt/Project/tubes-sisdig/tubes-sisdig-2023/src/vhdl/xtea_engine_fsm.vhd Line: 39
Info (10041): Inferred latch for "nextState.init" at xtea_engine_fsm.vhd(39) File: C:/Users/goldw/Documents/gswt/Project/tubes-sisdig/tubes-sisdig-2023/src/vhdl/xtea_engine_fsm.vhd Line: 39
Info (12128): Elaborating entity "register32" for hierarchy "register32:out0_reg" File: C:/Users/goldw/Documents/gswt/Project/tubes-sisdig/tubes-sisdig-2023/src/vhdl/xtea_engine.vhd Line: 123
Info (12128): Elaborating entity "mux_2in" for hierarchy "mux_2in:v0_mux" File: C:/Users/goldw/Documents/gswt/Project/tubes-sisdig/tubes-sisdig-2023/src/vhdl/xtea_engine.vhd Line: 141
Warning (10631): VHDL Process Statement warning at mux_2in.vhd(19): inferring latch(es) for signal or variable "o_data", which holds its previous value in one or more paths through the process File: C:/Users/goldw/Documents/gswt/Project/tubes-sisdig/tubes-sisdig-2023/src/vhdl/mux_2in.vhd Line: 19
Info (10041): Inferred latch for "o_data[0]" at mux_2in.vhd(19) File: C:/Users/goldw/Documents/gswt/Project/tubes-sisdig/tubes-sisdig-2023/src/vhdl/mux_2in.vhd Line: 19
Info (10041): Inferred latch for "o_data[1]" at mux_2in.vhd(19) File: C:/Users/goldw/Documents/gswt/Project/tubes-sisdig/tubes-sisdig-2023/src/vhdl/mux_2in.vhd Line: 19
Info (10041): Inferred latch for "o_data[2]" at mux_2in.vhd(19) File: C:/Users/goldw/Documents/gswt/Project/tubes-sisdig/tubes-sisdig-2023/src/vhdl/mux_2in.vhd Line: 19
Info (10041): Inferred latch for "o_data[3]" at mux_2in.vhd(19) File: C:/Users/goldw/Documents/gswt/Project/tubes-sisdig/tubes-sisdig-2023/src/vhdl/mux_2in.vhd Line: 19
Info (10041): Inferred latch for "o_data[4]" at mux_2in.vhd(19) File: C:/Users/goldw/Documents/gswt/Project/tubes-sisdig/tubes-sisdig-2023/src/vhdl/mux_2in.vhd Line: 19
Info (10041): Inferred latch for "o_data[5]" at mux_2in.vhd(19) File: C:/Users/goldw/Documents/gswt/Project/tubes-sisdig/tubes-sisdig-2023/src/vhdl/mux_2in.vhd Line: 19
Info (10041): Inferred latch for "o_data[6]" at mux_2in.vhd(19) File: C:/Users/goldw/Documents/gswt/Project/tubes-sisdig/tubes-sisdig-2023/src/vhdl/mux_2in.vhd Line: 19
Info (10041): Inferred latch for "o_data[7]" at mux_2in.vhd(19) File: C:/Users/goldw/Documents/gswt/Project/tubes-sisdig/tubes-sisdig-2023/src/vhdl/mux_2in.vhd Line: 19
Info (10041): Inferred latch for "o_data[8]" at mux_2in.vhd(19) File: C:/Users/goldw/Documents/gswt/Project/tubes-sisdig/tubes-sisdig-2023/src/vhdl/mux_2in.vhd Line: 19
Info (10041): Inferred latch for "o_data[9]" at mux_2in.vhd(19) File: C:/Users/goldw/Documents/gswt/Project/tubes-sisdig/tubes-sisdig-2023/src/vhdl/mux_2in.vhd Line: 19
Info (10041): Inferred latch for "o_data[10]" at mux_2in.vhd(19) File: C:/Users/goldw/Documents/gswt/Project/tubes-sisdig/tubes-sisdig-2023/src/vhdl/mux_2in.vhd Line: 19
Info (10041): Inferred latch for "o_data[11]" at mux_2in.vhd(19) File: C:/Users/goldw/Documents/gswt/Project/tubes-sisdig/tubes-sisdig-2023/src/vhdl/mux_2in.vhd Line: 19
Info (10041): Inferred latch for "o_data[12]" at mux_2in.vhd(19) File: C:/Users/goldw/Documents/gswt/Project/tubes-sisdig/tubes-sisdig-2023/src/vhdl/mux_2in.vhd Line: 19
Info (10041): Inferred latch for "o_data[13]" at mux_2in.vhd(19) File: C:/Users/goldw/Documents/gswt/Project/tubes-sisdig/tubes-sisdig-2023/src/vhdl/mux_2in.vhd Line: 19
Info (10041): Inferred latch for "o_data[14]" at mux_2in.vhd(19) File: C:/Users/goldw/Documents/gswt/Project/tubes-sisdig/tubes-sisdig-2023/src/vhdl/mux_2in.vhd Line: 19
Info (10041): Inferred latch for "o_data[15]" at mux_2in.vhd(19) File: C:/Users/goldw/Documents/gswt/Project/tubes-sisdig/tubes-sisdig-2023/src/vhdl/mux_2in.vhd Line: 19
Info (10041): Inferred latch for "o_data[16]" at mux_2in.vhd(19) File: C:/Users/goldw/Documents/gswt/Project/tubes-sisdig/tubes-sisdig-2023/src/vhdl/mux_2in.vhd Line: 19
Info (10041): Inferred latch for "o_data[17]" at mux_2in.vhd(19) File: C:/Users/goldw/Documents/gswt/Project/tubes-sisdig/tubes-sisdig-2023/src/vhdl/mux_2in.vhd Line: 19
Info (10041): Inferred latch for "o_data[18]" at mux_2in.vhd(19) File: C:/Users/goldw/Documents/gswt/Project/tubes-sisdig/tubes-sisdig-2023/src/vhdl/mux_2in.vhd Line: 19
Info (10041): Inferred latch for "o_data[19]" at mux_2in.vhd(19) File: C:/Users/goldw/Documents/gswt/Project/tubes-sisdig/tubes-sisdig-2023/src/vhdl/mux_2in.vhd Line: 19
Info (10041): Inferred latch for "o_data[20]" at mux_2in.vhd(19) File: C:/Users/goldw/Documents/gswt/Project/tubes-sisdig/tubes-sisdig-2023/src/vhdl/mux_2in.vhd Line: 19
Info (10041): Inferred latch for "o_data[21]" at mux_2in.vhd(19) File: C:/Users/goldw/Documents/gswt/Project/tubes-sisdig/tubes-sisdig-2023/src/vhdl/mux_2in.vhd Line: 19
Info (10041): Inferred latch for "o_data[22]" at mux_2in.vhd(19) File: C:/Users/goldw/Documents/gswt/Project/tubes-sisdig/tubes-sisdig-2023/src/vhdl/mux_2in.vhd Line: 19
Info (10041): Inferred latch for "o_data[23]" at mux_2in.vhd(19) File: C:/Users/goldw/Documents/gswt/Project/tubes-sisdig/tubes-sisdig-2023/src/vhdl/mux_2in.vhd Line: 19
Info (10041): Inferred latch for "o_data[24]" at mux_2in.vhd(19) File: C:/Users/goldw/Documents/gswt/Project/tubes-sisdig/tubes-sisdig-2023/src/vhdl/mux_2in.vhd Line: 19
Info (10041): Inferred latch for "o_data[25]" at mux_2in.vhd(19) File: C:/Users/goldw/Documents/gswt/Project/tubes-sisdig/tubes-sisdig-2023/src/vhdl/mux_2in.vhd Line: 19
Info (10041): Inferred latch for "o_data[26]" at mux_2in.vhd(19) File: C:/Users/goldw/Documents/gswt/Project/tubes-sisdig/tubes-sisdig-2023/src/vhdl/mux_2in.vhd Line: 19
Info (10041): Inferred latch for "o_data[27]" at mux_2in.vhd(19) File: C:/Users/goldw/Documents/gswt/Project/tubes-sisdig/tubes-sisdig-2023/src/vhdl/mux_2in.vhd Line: 19
Info (10041): Inferred latch for "o_data[28]" at mux_2in.vhd(19) File: C:/Users/goldw/Documents/gswt/Project/tubes-sisdig/tubes-sisdig-2023/src/vhdl/mux_2in.vhd Line: 19
Info (10041): Inferred latch for "o_data[29]" at mux_2in.vhd(19) File: C:/Users/goldw/Documents/gswt/Project/tubes-sisdig/tubes-sisdig-2023/src/vhdl/mux_2in.vhd Line: 19
Info (10041): Inferred latch for "o_data[30]" at mux_2in.vhd(19) File: C:/Users/goldw/Documents/gswt/Project/tubes-sisdig/tubes-sisdig-2023/src/vhdl/mux_2in.vhd Line: 19
Info (10041): Inferred latch for "o_data[31]" at mux_2in.vhd(19) File: C:/Users/goldw/Documents/gswt/Project/tubes-sisdig/tubes-sisdig-2023/src/vhdl/mux_2in.vhd Line: 19
Info (12128): Elaborating entity "mux_4in" for hierarchy "mux_4in:key_mux" File: C:/Users/goldw/Documents/gswt/Project/tubes-sisdig/tubes-sisdig-2023/src/vhdl/xtea_engine.vhd Line: 265
Warning (10631): VHDL Process Statement warning at mux_4in.vhd(21): inferring latch(es) for signal or variable "o_data", which holds its previous value in one or more paths through the process File: C:/Users/goldw/Documents/gswt/Project/tubes-sisdig/tubes-sisdig-2023/src/vhdl/mux_4in.vhd Line: 21
Info (10041): Inferred latch for "o_data[0]" at mux_4in.vhd(21) File: C:/Users/goldw/Documents/gswt/Project/tubes-sisdig/tubes-sisdig-2023/src/vhdl/mux_4in.vhd Line: 21
Info (10041): Inferred latch for "o_data[1]" at mux_4in.vhd(21) File: C:/Users/goldw/Documents/gswt/Project/tubes-sisdig/tubes-sisdig-2023/src/vhdl/mux_4in.vhd Line: 21
Info (10041): Inferred latch for "o_data[2]" at mux_4in.vhd(21) File: C:/Users/goldw/Documents/gswt/Project/tubes-sisdig/tubes-sisdig-2023/src/vhdl/mux_4in.vhd Line: 21
Info (10041): Inferred latch for "o_data[3]" at mux_4in.vhd(21) File: C:/Users/goldw/Documents/gswt/Project/tubes-sisdig/tubes-sisdig-2023/src/vhdl/mux_4in.vhd Line: 21
Info (10041): Inferred latch for "o_data[4]" at mux_4in.vhd(21) File: C:/Users/goldw/Documents/gswt/Project/tubes-sisdig/tubes-sisdig-2023/src/vhdl/mux_4in.vhd Line: 21
Info (10041): Inferred latch for "o_data[5]" at mux_4in.vhd(21) File: C:/Users/goldw/Documents/gswt/Project/tubes-sisdig/tubes-sisdig-2023/src/vhdl/mux_4in.vhd Line: 21
Info (10041): Inferred latch for "o_data[6]" at mux_4in.vhd(21) File: C:/Users/goldw/Documents/gswt/Project/tubes-sisdig/tubes-sisdig-2023/src/vhdl/mux_4in.vhd Line: 21
Info (10041): Inferred latch for "o_data[7]" at mux_4in.vhd(21) File: C:/Users/goldw/Documents/gswt/Project/tubes-sisdig/tubes-sisdig-2023/src/vhdl/mux_4in.vhd Line: 21
Info (10041): Inferred latch for "o_data[8]" at mux_4in.vhd(21) File: C:/Users/goldw/Documents/gswt/Project/tubes-sisdig/tubes-sisdig-2023/src/vhdl/mux_4in.vhd Line: 21
Info (10041): Inferred latch for "o_data[9]" at mux_4in.vhd(21) File: C:/Users/goldw/Documents/gswt/Project/tubes-sisdig/tubes-sisdig-2023/src/vhdl/mux_4in.vhd Line: 21
Info (10041): Inferred latch for "o_data[10]" at mux_4in.vhd(21) File: C:/Users/goldw/Documents/gswt/Project/tubes-sisdig/tubes-sisdig-2023/src/vhdl/mux_4in.vhd Line: 21
Info (10041): Inferred latch for "o_data[11]" at mux_4in.vhd(21) File: C:/Users/goldw/Documents/gswt/Project/tubes-sisdig/tubes-sisdig-2023/src/vhdl/mux_4in.vhd Line: 21
Info (10041): Inferred latch for "o_data[12]" at mux_4in.vhd(21) File: C:/Users/goldw/Documents/gswt/Project/tubes-sisdig/tubes-sisdig-2023/src/vhdl/mux_4in.vhd Line: 21
Info (10041): Inferred latch for "o_data[13]" at mux_4in.vhd(21) File: C:/Users/goldw/Documents/gswt/Project/tubes-sisdig/tubes-sisdig-2023/src/vhdl/mux_4in.vhd Line: 21
Info (10041): Inferred latch for "o_data[14]" at mux_4in.vhd(21) File: C:/Users/goldw/Documents/gswt/Project/tubes-sisdig/tubes-sisdig-2023/src/vhdl/mux_4in.vhd Line: 21
Info (10041): Inferred latch for "o_data[15]" at mux_4in.vhd(21) File: C:/Users/goldw/Documents/gswt/Project/tubes-sisdig/tubes-sisdig-2023/src/vhdl/mux_4in.vhd Line: 21
Info (10041): Inferred latch for "o_data[16]" at mux_4in.vhd(21) File: C:/Users/goldw/Documents/gswt/Project/tubes-sisdig/tubes-sisdig-2023/src/vhdl/mux_4in.vhd Line: 21
Info (10041): Inferred latch for "o_data[17]" at mux_4in.vhd(21) File: C:/Users/goldw/Documents/gswt/Project/tubes-sisdig/tubes-sisdig-2023/src/vhdl/mux_4in.vhd Line: 21
Info (10041): Inferred latch for "o_data[18]" at mux_4in.vhd(21) File: C:/Users/goldw/Documents/gswt/Project/tubes-sisdig/tubes-sisdig-2023/src/vhdl/mux_4in.vhd Line: 21
Info (10041): Inferred latch for "o_data[19]" at mux_4in.vhd(21) File: C:/Users/goldw/Documents/gswt/Project/tubes-sisdig/tubes-sisdig-2023/src/vhdl/mux_4in.vhd Line: 21
Info (10041): Inferred latch for "o_data[20]" at mux_4in.vhd(21) File: C:/Users/goldw/Documents/gswt/Project/tubes-sisdig/tubes-sisdig-2023/src/vhdl/mux_4in.vhd Line: 21
Info (10041): Inferred latch for "o_data[21]" at mux_4in.vhd(21) File: C:/Users/goldw/Documents/gswt/Project/tubes-sisdig/tubes-sisdig-2023/src/vhdl/mux_4in.vhd Line: 21
Info (10041): Inferred latch for "o_data[22]" at mux_4in.vhd(21) File: C:/Users/goldw/Documents/gswt/Project/tubes-sisdig/tubes-sisdig-2023/src/vhdl/mux_4in.vhd Line: 21
Info (10041): Inferred latch for "o_data[23]" at mux_4in.vhd(21) File: C:/Users/goldw/Documents/gswt/Project/tubes-sisdig/tubes-sisdig-2023/src/vhdl/mux_4in.vhd Line: 21
Info (10041): Inferred latch for "o_data[24]" at mux_4in.vhd(21) File: C:/Users/goldw/Documents/gswt/Project/tubes-sisdig/tubes-sisdig-2023/src/vhdl/mux_4in.vhd Line: 21
Info (10041): Inferred latch for "o_data[25]" at mux_4in.vhd(21) File: C:/Users/goldw/Documents/gswt/Project/tubes-sisdig/tubes-sisdig-2023/src/vhdl/mux_4in.vhd Line: 21
Info (10041): Inferred latch for "o_data[26]" at mux_4in.vhd(21) File: C:/Users/goldw/Documents/gswt/Project/tubes-sisdig/tubes-sisdig-2023/src/vhdl/mux_4in.vhd Line: 21
Info (10041): Inferred latch for "o_data[27]" at mux_4in.vhd(21) File: C:/Users/goldw/Documents/gswt/Project/tubes-sisdig/tubes-sisdig-2023/src/vhdl/mux_4in.vhd Line: 21
Info (10041): Inferred latch for "o_data[28]" at mux_4in.vhd(21) File: C:/Users/goldw/Documents/gswt/Project/tubes-sisdig/tubes-sisdig-2023/src/vhdl/mux_4in.vhd Line: 21
Info (10041): Inferred latch for "o_data[29]" at mux_4in.vhd(21) File: C:/Users/goldw/Documents/gswt/Project/tubes-sisdig/tubes-sisdig-2023/src/vhdl/mux_4in.vhd Line: 21
Info (10041): Inferred latch for "o_data[30]" at mux_4in.vhd(21) File: C:/Users/goldw/Documents/gswt/Project/tubes-sisdig/tubes-sisdig-2023/src/vhdl/mux_4in.vhd Line: 21
Info (10041): Inferred latch for "o_data[31]" at mux_4in.vhd(21) File: C:/Users/goldw/Documents/gswt/Project/tubes-sisdig/tubes-sisdig-2023/src/vhdl/mux_4in.vhd Line: 21
Warning (14026): LATCH primitive "mux_4in:key_mux|o_data[0]" is permanently enabled File: C:/Users/goldw/Documents/gswt/Project/tubes-sisdig/tubes-sisdig-2023/src/vhdl/mux_4in.vhd Line: 21
Warning (14026): LATCH primitive "mux_4in:key_mux|o_data[1]" is permanently enabled File: C:/Users/goldw/Documents/gswt/Project/tubes-sisdig/tubes-sisdig-2023/src/vhdl/mux_4in.vhd Line: 21
Warning (14026): LATCH primitive "mux_4in:key_mux|o_data[2]" is permanently enabled File: C:/Users/goldw/Documents/gswt/Project/tubes-sisdig/tubes-sisdig-2023/src/vhdl/mux_4in.vhd Line: 21
Warning (14026): LATCH primitive "mux_4in:key_mux|o_data[3]" is permanently enabled File: C:/Users/goldw/Documents/gswt/Project/tubes-sisdig/tubes-sisdig-2023/src/vhdl/mux_4in.vhd Line: 21
Warning (14026): LATCH primitive "mux_4in:key_mux|o_data[4]" is permanently enabled File: C:/Users/goldw/Documents/gswt/Project/tubes-sisdig/tubes-sisdig-2023/src/vhdl/mux_4in.vhd Line: 21
Warning (14026): LATCH primitive "mux_4in:key_mux|o_data[5]" is permanently enabled File: C:/Users/goldw/Documents/gswt/Project/tubes-sisdig/tubes-sisdig-2023/src/vhdl/mux_4in.vhd Line: 21
Warning (14026): LATCH primitive "mux_4in:key_mux|o_data[6]" is permanently enabled File: C:/Users/goldw/Documents/gswt/Project/tubes-sisdig/tubes-sisdig-2023/src/vhdl/mux_4in.vhd Line: 21
Warning (14026): LATCH primitive "mux_4in:key_mux|o_data[7]" is permanently enabled File: C:/Users/goldw/Documents/gswt/Project/tubes-sisdig/tubes-sisdig-2023/src/vhdl/mux_4in.vhd Line: 21
Warning (14026): LATCH primitive "mux_4in:key_mux|o_data[8]" is permanently enabled File: C:/Users/goldw/Documents/gswt/Project/tubes-sisdig/tubes-sisdig-2023/src/vhdl/mux_4in.vhd Line: 21
Warning (14026): LATCH primitive "mux_4in:key_mux|o_data[9]" is permanently enabled File: C:/Users/goldw/Documents/gswt/Project/tubes-sisdig/tubes-sisdig-2023/src/vhdl/mux_4in.vhd Line: 21
Warning (14026): LATCH primitive "mux_4in:key_mux|o_data[10]" is permanently enabled File: C:/Users/goldw/Documents/gswt/Project/tubes-sisdig/tubes-sisdig-2023/src/vhdl/mux_4in.vhd Line: 21
Warning (14026): LATCH primitive "mux_4in:key_mux|o_data[11]" is permanently enabled File: C:/Users/goldw/Documents/gswt/Project/tubes-sisdig/tubes-sisdig-2023/src/vhdl/mux_4in.vhd Line: 21
Warning (14026): LATCH primitive "mux_4in:key_mux|o_data[12]" is permanently enabled File: C:/Users/goldw/Documents/gswt/Project/tubes-sisdig/tubes-sisdig-2023/src/vhdl/mux_4in.vhd Line: 21
Warning (14026): LATCH primitive "mux_4in:key_mux|o_data[13]" is permanently enabled File: C:/Users/goldw/Documents/gswt/Project/tubes-sisdig/tubes-sisdig-2023/src/vhdl/mux_4in.vhd Line: 21
Warning (14026): LATCH primitive "mux_4in:key_mux|o_data[14]" is permanently enabled File: C:/Users/goldw/Documents/gswt/Project/tubes-sisdig/tubes-sisdig-2023/src/vhdl/mux_4in.vhd Line: 21
Warning (14026): LATCH primitive "mux_4in:key_mux|o_data[15]" is permanently enabled File: C:/Users/goldw/Documents/gswt/Project/tubes-sisdig/tubes-sisdig-2023/src/vhdl/mux_4in.vhd Line: 21
Warning (14026): LATCH primitive "mux_4in:key_mux|o_data[16]" is permanently enabled File: C:/Users/goldw/Documents/gswt/Project/tubes-sisdig/tubes-sisdig-2023/src/vhdl/mux_4in.vhd Line: 21
Warning (14026): LATCH primitive "mux_4in:key_mux|o_data[17]" is permanently enabled File: C:/Users/goldw/Documents/gswt/Project/tubes-sisdig/tubes-sisdig-2023/src/vhdl/mux_4in.vhd Line: 21
Warning (14026): LATCH primitive "mux_4in:key_mux|o_data[18]" is permanently enabled File: C:/Users/goldw/Documents/gswt/Project/tubes-sisdig/tubes-sisdig-2023/src/vhdl/mux_4in.vhd Line: 21
Warning (14026): LATCH primitive "mux_4in:key_mux|o_data[19]" is permanently enabled File: C:/Users/goldw/Documents/gswt/Project/tubes-sisdig/tubes-sisdig-2023/src/vhdl/mux_4in.vhd Line: 21
Warning (14026): LATCH primitive "mux_4in:key_mux|o_data[20]" is permanently enabled File: C:/Users/goldw/Documents/gswt/Project/tubes-sisdig/tubes-sisdig-2023/src/vhdl/mux_4in.vhd Line: 21
Warning (14026): LATCH primitive "mux_4in:key_mux|o_data[21]" is permanently enabled File: C:/Users/goldw/Documents/gswt/Project/tubes-sisdig/tubes-sisdig-2023/src/vhdl/mux_4in.vhd Line: 21
Warning (14026): LATCH primitive "mux_4in:key_mux|o_data[22]" is permanently enabled File: C:/Users/goldw/Documents/gswt/Project/tubes-sisdig/tubes-sisdig-2023/src/vhdl/mux_4in.vhd Line: 21
Warning (14026): LATCH primitive "mux_4in:key_mux|o_data[23]" is permanently enabled File: C:/Users/goldw/Documents/gswt/Project/tubes-sisdig/tubes-sisdig-2023/src/vhdl/mux_4in.vhd Line: 21
Warning (14026): LATCH primitive "mux_4in:key_mux|o_data[24]" is permanently enabled File: C:/Users/goldw/Documents/gswt/Project/tubes-sisdig/tubes-sisdig-2023/src/vhdl/mux_4in.vhd Line: 21
Warning (14026): LATCH primitive "mux_4in:key_mux|o_data[25]" is permanently enabled File: C:/Users/goldw/Documents/gswt/Project/tubes-sisdig/tubes-sisdig-2023/src/vhdl/mux_4in.vhd Line: 21
Warning (14026): LATCH primitive "mux_4in:key_mux|o_data[26]" is permanently enabled File: C:/Users/goldw/Documents/gswt/Project/tubes-sisdig/tubes-sisdig-2023/src/vhdl/mux_4in.vhd Line: 21
Warning (14026): LATCH primitive "mux_4in:key_mux|o_data[27]" is permanently enabled File: C:/Users/goldw/Documents/gswt/Project/tubes-sisdig/tubes-sisdig-2023/src/vhdl/mux_4in.vhd Line: 21
Warning (14026): LATCH primitive "mux_4in:key_mux|o_data[28]" is permanently enabled File: C:/Users/goldw/Documents/gswt/Project/tubes-sisdig/tubes-sisdig-2023/src/vhdl/mux_4in.vhd Line: 21
Warning (14026): LATCH primitive "mux_4in:key_mux|o_data[29]" is permanently enabled File: C:/Users/goldw/Documents/gswt/Project/tubes-sisdig/tubes-sisdig-2023/src/vhdl/mux_4in.vhd Line: 21
Warning (14026): LATCH primitive "mux_4in:key_mux|o_data[30]" is permanently enabled File: C:/Users/goldw/Documents/gswt/Project/tubes-sisdig/tubes-sisdig-2023/src/vhdl/mux_4in.vhd Line: 21
Warning (14026): LATCH primitive "mux_4in:key_mux|o_data[31]" is permanently enabled File: C:/Users/goldw/Documents/gswt/Project/tubes-sisdig/tubes-sisdig-2023/src/vhdl/mux_4in.vhd Line: 21
Info (286030): Timing-Driven Synthesis is running
Info (17049): 1 registers lost all their fanouts during netlist optimizations.
Info (16010): Generating hard_block partition "hard_block:auto_generated_inst"
    Info (16011): Adding 0 node(s), including 0 DDIO, 0 PLL, 0 transceiver and 0 LCELL
Warning (21074): Design contains 65 input pin(s) that do not drive logic
    Warning (15610): No output dependent on input pin "i_start" File: C:/Users/goldw/Documents/gswt/Project/tubes-sisdig/tubes-sisdig-2023/src/vhdl/xtea_engine.vhd Line: 7
    Warning (15610): No output dependent on input pin "i_v0[0]" File: C:/Users/goldw/Documents/gswt/Project/tubes-sisdig/tubes-sisdig-2023/src/vhdl/xtea_engine.vhd Line: 8
    Warning (15610): No output dependent on input pin "i_v0[1]" File: C:/Users/goldw/Documents/gswt/Project/tubes-sisdig/tubes-sisdig-2023/src/vhdl/xtea_engine.vhd Line: 8
    Warning (15610): No output dependent on input pin "i_v0[2]" File: C:/Users/goldw/Documents/gswt/Project/tubes-sisdig/tubes-sisdig-2023/src/vhdl/xtea_engine.vhd Line: 8
    Warning (15610): No output dependent on input pin "i_v0[3]" File: C:/Users/goldw/Documents/gswt/Project/tubes-sisdig/tubes-sisdig-2023/src/vhdl/xtea_engine.vhd Line: 8
    Warning (15610): No output dependent on input pin "i_v0[4]" File: C:/Users/goldw/Documents/gswt/Project/tubes-sisdig/tubes-sisdig-2023/src/vhdl/xtea_engine.vhd Line: 8
    Warning (15610): No output dependent on input pin "i_v0[5]" File: C:/Users/goldw/Documents/gswt/Project/tubes-sisdig/tubes-sisdig-2023/src/vhdl/xtea_engine.vhd Line: 8
    Warning (15610): No output dependent on input pin "i_v0[6]" File: C:/Users/goldw/Documents/gswt/Project/tubes-sisdig/tubes-sisdig-2023/src/vhdl/xtea_engine.vhd Line: 8
    Warning (15610): No output dependent on input pin "i_v0[7]" File: C:/Users/goldw/Documents/gswt/Project/tubes-sisdig/tubes-sisdig-2023/src/vhdl/xtea_engine.vhd Line: 8
    Warning (15610): No output dependent on input pin "i_v0[8]" File: C:/Users/goldw/Documents/gswt/Project/tubes-sisdig/tubes-sisdig-2023/src/vhdl/xtea_engine.vhd Line: 8
    Warning (15610): No output dependent on input pin "i_v0[9]" File: C:/Users/goldw/Documents/gswt/Project/tubes-sisdig/tubes-sisdig-2023/src/vhdl/xtea_engine.vhd Line: 8
    Warning (15610): No output dependent on input pin "i_v0[10]" File: C:/Users/goldw/Documents/gswt/Project/tubes-sisdig/tubes-sisdig-2023/src/vhdl/xtea_engine.vhd Line: 8
    Warning (15610): No output dependent on input pin "i_v0[11]" File: C:/Users/goldw/Documents/gswt/Project/tubes-sisdig/tubes-sisdig-2023/src/vhdl/xtea_engine.vhd Line: 8
    Warning (15610): No output dependent on input pin "i_v0[12]" File: C:/Users/goldw/Documents/gswt/Project/tubes-sisdig/tubes-sisdig-2023/src/vhdl/xtea_engine.vhd Line: 8
    Warning (15610): No output dependent on input pin "i_v0[13]" File: C:/Users/goldw/Documents/gswt/Project/tubes-sisdig/tubes-sisdig-2023/src/vhdl/xtea_engine.vhd Line: 8
    Warning (15610): No output dependent on input pin "i_v0[14]" File: C:/Users/goldw/Documents/gswt/Project/tubes-sisdig/tubes-sisdig-2023/src/vhdl/xtea_engine.vhd Line: 8
    Warning (15610): No output dependent on input pin "i_v0[15]" File: C:/Users/goldw/Documents/gswt/Project/tubes-sisdig/tubes-sisdig-2023/src/vhdl/xtea_engine.vhd Line: 8
    Warning (15610): No output dependent on input pin "i_v0[16]" File: C:/Users/goldw/Documents/gswt/Project/tubes-sisdig/tubes-sisdig-2023/src/vhdl/xtea_engine.vhd Line: 8
    Warning (15610): No output dependent on input pin "i_v0[17]" File: C:/Users/goldw/Documents/gswt/Project/tubes-sisdig/tubes-sisdig-2023/src/vhdl/xtea_engine.vhd Line: 8
    Warning (15610): No output dependent on input pin "i_v0[18]" File: C:/Users/goldw/Documents/gswt/Project/tubes-sisdig/tubes-sisdig-2023/src/vhdl/xtea_engine.vhd Line: 8
    Warning (15610): No output dependent on input pin "i_v0[19]" File: C:/Users/goldw/Documents/gswt/Project/tubes-sisdig/tubes-sisdig-2023/src/vhdl/xtea_engine.vhd Line: 8
    Warning (15610): No output dependent on input pin "i_v0[20]" File: C:/Users/goldw/Documents/gswt/Project/tubes-sisdig/tubes-sisdig-2023/src/vhdl/xtea_engine.vhd Line: 8
    Warning (15610): No output dependent on input pin "i_v0[21]" File: C:/Users/goldw/Documents/gswt/Project/tubes-sisdig/tubes-sisdig-2023/src/vhdl/xtea_engine.vhd Line: 8
    Warning (15610): No output dependent on input pin "i_v0[22]" File: C:/Users/goldw/Documents/gswt/Project/tubes-sisdig/tubes-sisdig-2023/src/vhdl/xtea_engine.vhd Line: 8
    Warning (15610): No output dependent on input pin "i_v0[23]" File: C:/Users/goldw/Documents/gswt/Project/tubes-sisdig/tubes-sisdig-2023/src/vhdl/xtea_engine.vhd Line: 8
    Warning (15610): No output dependent on input pin "i_v0[24]" File: C:/Users/goldw/Documents/gswt/Project/tubes-sisdig/tubes-sisdig-2023/src/vhdl/xtea_engine.vhd Line: 8
    Warning (15610): No output dependent on input pin "i_v0[25]" File: C:/Users/goldw/Documents/gswt/Project/tubes-sisdig/tubes-sisdig-2023/src/vhdl/xtea_engine.vhd Line: 8
    Warning (15610): No output dependent on input pin "i_v0[26]" File: C:/Users/goldw/Documents/gswt/Project/tubes-sisdig/tubes-sisdig-2023/src/vhdl/xtea_engine.vhd Line: 8
    Warning (15610): No output dependent on input pin "i_v0[27]" File: C:/Users/goldw/Documents/gswt/Project/tubes-sisdig/tubes-sisdig-2023/src/vhdl/xtea_engine.vhd Line: 8
    Warning (15610): No output dependent on input pin "i_v0[28]" File: C:/Users/goldw/Documents/gswt/Project/tubes-sisdig/tubes-sisdig-2023/src/vhdl/xtea_engine.vhd Line: 8
    Warning (15610): No output dependent on input pin "i_v0[29]" File: C:/Users/goldw/Documents/gswt/Project/tubes-sisdig/tubes-sisdig-2023/src/vhdl/xtea_engine.vhd Line: 8
    Warning (15610): No output dependent on input pin "i_v0[30]" File: C:/Users/goldw/Documents/gswt/Project/tubes-sisdig/tubes-sisdig-2023/src/vhdl/xtea_engine.vhd Line: 8
    Warning (15610): No output dependent on input pin "i_v0[31]" File: C:/Users/goldw/Documents/gswt/Project/tubes-sisdig/tubes-sisdig-2023/src/vhdl/xtea_engine.vhd Line: 8
    Warning (15610): No output dependent on input pin "i_v1[0]" File: C:/Users/goldw/Documents/gswt/Project/tubes-sisdig/tubes-sisdig-2023/src/vhdl/xtea_engine.vhd Line: 8
    Warning (15610): No output dependent on input pin "i_v1[1]" File: C:/Users/goldw/Documents/gswt/Project/tubes-sisdig/tubes-sisdig-2023/src/vhdl/xtea_engine.vhd Line: 8
    Warning (15610): No output dependent on input pin "i_v1[2]" File: C:/Users/goldw/Documents/gswt/Project/tubes-sisdig/tubes-sisdig-2023/src/vhdl/xtea_engine.vhd Line: 8
    Warning (15610): No output dependent on input pin "i_v1[3]" File: C:/Users/goldw/Documents/gswt/Project/tubes-sisdig/tubes-sisdig-2023/src/vhdl/xtea_engine.vhd Line: 8
    Warning (15610): No output dependent on input pin "i_v1[4]" File: C:/Users/goldw/Documents/gswt/Project/tubes-sisdig/tubes-sisdig-2023/src/vhdl/xtea_engine.vhd Line: 8
    Warning (15610): No output dependent on input pin "i_v1[5]" File: C:/Users/goldw/Documents/gswt/Project/tubes-sisdig/tubes-sisdig-2023/src/vhdl/xtea_engine.vhd Line: 8
    Warning (15610): No output dependent on input pin "i_v1[6]" File: C:/Users/goldw/Documents/gswt/Project/tubes-sisdig/tubes-sisdig-2023/src/vhdl/xtea_engine.vhd Line: 8
    Warning (15610): No output dependent on input pin "i_v1[7]" File: C:/Users/goldw/Documents/gswt/Project/tubes-sisdig/tubes-sisdig-2023/src/vhdl/xtea_engine.vhd Line: 8
    Warning (15610): No output dependent on input pin "i_v1[8]" File: C:/Users/goldw/Documents/gswt/Project/tubes-sisdig/tubes-sisdig-2023/src/vhdl/xtea_engine.vhd Line: 8
    Warning (15610): No output dependent on input pin "i_v1[9]" File: C:/Users/goldw/Documents/gswt/Project/tubes-sisdig/tubes-sisdig-2023/src/vhdl/xtea_engine.vhd Line: 8
    Warning (15610): No output dependent on input pin "i_v1[10]" File: C:/Users/goldw/Documents/gswt/Project/tubes-sisdig/tubes-sisdig-2023/src/vhdl/xtea_engine.vhd Line: 8
    Warning (15610): No output dependent on input pin "i_v1[11]" File: C:/Users/goldw/Documents/gswt/Project/tubes-sisdig/tubes-sisdig-2023/src/vhdl/xtea_engine.vhd Line: 8
    Warning (15610): No output dependent on input pin "i_v1[12]" File: C:/Users/goldw/Documents/gswt/Project/tubes-sisdig/tubes-sisdig-2023/src/vhdl/xtea_engine.vhd Line: 8
    Warning (15610): No output dependent on input pin "i_v1[13]" File: C:/Users/goldw/Documents/gswt/Project/tubes-sisdig/tubes-sisdig-2023/src/vhdl/xtea_engine.vhd Line: 8
    Warning (15610): No output dependent on input pin "i_v1[14]" File: C:/Users/goldw/Documents/gswt/Project/tubes-sisdig/tubes-sisdig-2023/src/vhdl/xtea_engine.vhd Line: 8
    Warning (15610): No output dependent on input pin "i_v1[15]" File: C:/Users/goldw/Documents/gswt/Project/tubes-sisdig/tubes-sisdig-2023/src/vhdl/xtea_engine.vhd Line: 8
    Warning (15610): No output dependent on input pin "i_v1[16]" File: C:/Users/goldw/Documents/gswt/Project/tubes-sisdig/tubes-sisdig-2023/src/vhdl/xtea_engine.vhd Line: 8
    Warning (15610): No output dependent on input pin "i_v1[17]" File: C:/Users/goldw/Documents/gswt/Project/tubes-sisdig/tubes-sisdig-2023/src/vhdl/xtea_engine.vhd Line: 8
    Warning (15610): No output dependent on input pin "i_v1[18]" File: C:/Users/goldw/Documents/gswt/Project/tubes-sisdig/tubes-sisdig-2023/src/vhdl/xtea_engine.vhd Line: 8
    Warning (15610): No output dependent on input pin "i_v1[19]" File: C:/Users/goldw/Documents/gswt/Project/tubes-sisdig/tubes-sisdig-2023/src/vhdl/xtea_engine.vhd Line: 8
    Warning (15610): No output dependent on input pin "i_v1[20]" File: C:/Users/goldw/Documents/gswt/Project/tubes-sisdig/tubes-sisdig-2023/src/vhdl/xtea_engine.vhd Line: 8
    Warning (15610): No output dependent on input pin "i_v1[21]" File: C:/Users/goldw/Documents/gswt/Project/tubes-sisdig/tubes-sisdig-2023/src/vhdl/xtea_engine.vhd Line: 8
    Warning (15610): No output dependent on input pin "i_v1[22]" File: C:/Users/goldw/Documents/gswt/Project/tubes-sisdig/tubes-sisdig-2023/src/vhdl/xtea_engine.vhd Line: 8
    Warning (15610): No output dependent on input pin "i_v1[23]" File: C:/Users/goldw/Documents/gswt/Project/tubes-sisdig/tubes-sisdig-2023/src/vhdl/xtea_engine.vhd Line: 8
    Warning (15610): No output dependent on input pin "i_v1[24]" File: C:/Users/goldw/Documents/gswt/Project/tubes-sisdig/tubes-sisdig-2023/src/vhdl/xtea_engine.vhd Line: 8
    Warning (15610): No output dependent on input pin "i_v1[25]" File: C:/Users/goldw/Documents/gswt/Project/tubes-sisdig/tubes-sisdig-2023/src/vhdl/xtea_engine.vhd Line: 8
    Warning (15610): No output dependent on input pin "i_v1[26]" File: C:/Users/goldw/Documents/gswt/Project/tubes-sisdig/tubes-sisdig-2023/src/vhdl/xtea_engine.vhd Line: 8
    Warning (15610): No output dependent on input pin "i_v1[27]" File: C:/Users/goldw/Documents/gswt/Project/tubes-sisdig/tubes-sisdig-2023/src/vhdl/xtea_engine.vhd Line: 8
    Warning (15610): No output dependent on input pin "i_v1[28]" File: C:/Users/goldw/Documents/gswt/Project/tubes-sisdig/tubes-sisdig-2023/src/vhdl/xtea_engine.vhd Line: 8
    Warning (15610): No output dependent on input pin "i_v1[29]" File: C:/Users/goldw/Documents/gswt/Project/tubes-sisdig/tubes-sisdig-2023/src/vhdl/xtea_engine.vhd Line: 8
    Warning (15610): No output dependent on input pin "i_v1[30]" File: C:/Users/goldw/Documents/gswt/Project/tubes-sisdig/tubes-sisdig-2023/src/vhdl/xtea_engine.vhd Line: 8
    Warning (15610): No output dependent on input pin "i_v1[31]" File: C:/Users/goldw/Documents/gswt/Project/tubes-sisdig/tubes-sisdig-2023/src/vhdl/xtea_engine.vhd Line: 8
Info (21057): Implemented 719 device resources after synthesis - the final resource count might be different
    Info (21058): Implemented 196 input pins
    Info (21059): Implemented 65 output pins
    Info (21061): Implemented 458 logic cells
Info: Quartus Prime Analysis & Synthesis was successful. 0 errors, 119 warnings
    Info: Peak virtual memory: 4947 megabytes
    Info: Processing ended: Wed Dec  6 03:54:53 2023
    Info: Elapsed time: 00:00:11
    Info: Total CPU time (on all processors): 00:00:08


